{"$message_type":"diagnostic","message":"unused import: `VarianceAnalyzer`","code":{"code":"unused_imports","explanation":null},"level":"warning","spans":[{"file_name":"tests/a3_dot16_validation.rs","byte_start":386,"byte_end":402,"line_start":8,"line_end":8,"column_start":50,"column_end":66,"is_primary":true,"text":[{"text":"use tta_simulator::validation::{GoldenReference, VarianceAnalyzer};","highlight_start":50,"highlight_end":66}],"label":null,"suggested_replacement":null,"suggestion_applicability":null,"expansion":null}],"children":[{"message":"`#[warn(unused_imports)]` on by default","code":null,"level":"note","spans":[],"children":[],"rendered":null},{"message":"remove the unused import","code":null,"level":"help","spans":[{"file_name":"tests/a3_dot16_validation.rs","byte_start":384,"byte_end":402,"line_start":8,"line_end":8,"column_start":48,"column_end":66,"is_primary":true,"text":[{"text":"use tta_simulator::validation::{GoldenReference, VarianceAnalyzer};","highlight_start":48,"highlight_end":66}],"label":null,"suggested_replacement":"","suggestion_applicability":"MachineApplicable","expansion":null},{"file_name":"tests/a3_dot16_validation.rs","byte_start":368,"byte_end":369,"line_start":8,"line_end":8,"column_start":32,"column_end":33,"is_primary":true,"text":[{"text":"use tta_simulator::validation::{GoldenReference, VarianceAnalyzer};","highlight_start":32,"highlight_end":33}],"label":null,"suggested_replacement":"","suggestion_applicability":"MachineApplicable","expansion":null},{"file_name":"tests/a3_dot16_validation.rs","byte_start":402,"byte_end":403,"line_start":8,"line_end":8,"column_start":66,"column_end":67,"is_primary":true,"text":[{"text":"use tta_simulator::validation::{GoldenReference, VarianceAnalyzer};","highlight_start":66,"highlight_end":67}],"label":null,"suggested_replacement":"","suggestion_applicability":"MachineApplicable","expansion":null}],"children":[],"rendered":null}],"rendered":"\u001b[0m\u001b[1m\u001b[33mwarning\u001b[0m\u001b[0m\u001b[1m: unused import: `VarianceAnalyzer`\u001b[0m\n\u001b[0m \u001b[0m\u001b[0m\u001b[1m\u001b[38;5;12m--> \u001b[0m\u001b[0mtests/a3_dot16_validation.rs:8:50\u001b[0m\n\u001b[0m  \u001b[0m\u001b[0m\u001b[1m\u001b[38;5;12m|\u001b[0m\n\u001b[0m\u001b[1m\u001b[38;5;12m8\u001b[0m\u001b[0m \u001b[0m\u001b[0m\u001b[1m\u001b[38;5;12m|\u001b[0m\u001b[0m \u001b[0m\u001b[0muse tta_simulator::validation::{GoldenReference, VarianceAnalyzer};\u001b[0m\n\u001b[0m  \u001b[0m\u001b[0m\u001b[1m\u001b[38;5;12m|\u001b[0m\u001b[0m                                                  \u001b[0m\u001b[0m\u001b[1m\u001b[33m^^^^^^^^^^^^^^^^\u001b[0m\n\u001b[0m  \u001b[0m\u001b[0m\u001b[1m\u001b[38;5;12m|\u001b[0m\n\u001b[0m  \u001b[0m\u001b[0m\u001b[1m\u001b[38;5;12m= \u001b[0m\u001b[0m\u001b[1mnote\u001b[0m\u001b[0m: `#[warn(unused_imports)]` on by default\u001b[0m\n\n"}
{"$message_type":"diagnostic","message":"this method takes 3 arguments but 2 arguments were supplied","code":{"code":"E0061","explanation":"An invalid number of arguments was passed when calling a function.\n\nErroneous code example:\n\n```compile_fail,E0061\nfn f(u: i32) {}\n\nf(); // error!\n```\n\nThe number of arguments passed to a function must match the number of arguments\nspecified in the function signature.\n\nFor example, a function like:\n\n```\nfn f(a: u16, b: &str) {}\n```\n\nMust always be called with exactly two arguments, e.g., `f(2, \"test\")`.\n\nNote that Rust does not have a notion of optional function arguments or\nvariadic functions (except for its C-FFI).\n"},"level":"error","spans":[{"file_name":"tests/a3_dot16_validation.rs","byte_start":1608,"byte_end":1615,"line_start":44,"line_end":44,"column_start":32,"column_end":39,"is_primary":false,"text":[{"text":"    assert!(vecmac.write_input(\"VEC_A\", BusData::VecI8(vec_a.clone())).is_ok());","highlight_start":32,"highlight_end":39}],"label":"expected `u16`, found `&str`","suggested_replacement":null,"suggestion_applicability":null,"expansion":null},{"file_name":"tests/a3_dot16_validation.rs","byte_start":1607,"byte_end":1647,"line_start":44,"line_end":44,"column_start":31,"column_end":71,"is_primary":false,"text":[{"text":"    assert!(vecmac.write_input(\"VEC_A\", BusData::VecI8(vec_a.clone())).is_ok());","highlight_start":31,"highlight_end":71}],"label":"argument #3 of type `u64` is missing","suggested_replacement":null,"suggestion_applicability":null,"expansion":null},{"file_name":"tests/a3_dot16_validation.rs","byte_start":1596,"byte_end":1607,"line_start":44,"line_end":44,"column_start":20,"column_end":31,"is_primary":true,"text":[{"text":"    assert!(vecmac.write_input(\"VEC_A\", BusData::VecI8(vec_a.clone())).is_ok());","highlight_start":20,"highlight_end":31}],"label":null,"suggested_replacement":null,"suggestion_applicability":null,"expansion":null}],"children":[{"message":"method defined here","code":null,"level":"note","spans":[{"file_name":"/home/unknown/ai-time-traveler/rust_code/tta_simulator/src/tta/functional_unit.rs","byte_start":1889,"byte_end":1900,"line_start":71,"line_end":71,"column_start":8,"column_end":19,"is_primary":true,"text":[{"text":"    fn write_input(&mut self, port: u16, data: BusData, cycle: u64) -> FuEvent;","highlight_start":8,"highlight_end":19}],"label":null,"suggested_replacement":null,"suggestion_applicability":null,"expansion":null}],"children":[],"rendered":null},{"message":"provide the argument","code":null,"level":"help","spans":[{"file_name":"tests/a3_dot16_validation.rs","byte_start":1607,"byte_end":1647,"line_start":44,"line_end":44,"column_start":31,"column_end":71,"is_primary":true,"text":[{"text":"    assert!(vecmac.write_input(\"VEC_A\", BusData::VecI8(vec_a.clone())).is_ok());","highlight_start":31,"highlight_end":71}],"label":null,"suggested_replacement":"(/* u16 */, BusData::VecI8(vec_a.clone()), /* u64 */)","suggestion_applicability":"HasPlaceholders","expansion":null}],"children":[],"rendered":null}],"rendered":"\u001b[0m\u001b[1m\u001b[38;5;9merror[E0061]\u001b[0m\u001b[0m\u001b[1m: this method takes 3 arguments but 2 arguments were supplied\u001b[0m\n\u001b[0m  \u001b[0m\u001b[0m\u001b[1m\u001b[38;5;12m--> \u001b[0m\u001b[0mtests/a3_dot16_validation.rs:44:20\u001b[0m\n\u001b[0m   \u001b[0m\u001b[0m\u001b[1m\u001b[38;5;12m|\u001b[0m\n\u001b[0m\u001b[1m\u001b[38;5;12m44\u001b[0m\u001b[0m \u001b[0m\u001b[0m\u001b[1m\u001b[38;5;12m|\u001b[0m\u001b[0m \u001b[0m\u001b[0m    assert!(vecmac.write_input(\"VEC_A\", BusData::VecI8(vec_a.clone())).is_ok());\u001b[0m\n\u001b[0m   \u001b[0m\u001b[0m\u001b[1m\u001b[38;5;12m|\u001b[0m\u001b[0m                    \u001b[0m\u001b[0m\u001b[1m\u001b[38;5;9m^^^^^^^^^^^\u001b[0m\u001b[0m\u001b[1m\u001b[38;5;12m----------------------------------------\u001b[0m\n\u001b[0m   \u001b[0m\u001b[0m\u001b[1m\u001b[38;5;12m|\u001b[0m\u001b[0m                               \u001b[0m\u001b[0m\u001b[1m\u001b[38;5;12m||\u001b[0m\n\u001b[0m   \u001b[0m\u001b[0m\u001b[1m\u001b[38;5;12m|\u001b[0m\u001b[0m                               \u001b[0m\u001b[0m\u001b[1m\u001b[38;5;12m|\u001b[0m\u001b[0m\u001b[1m\u001b[38;5;12mexpected `u16`, found `&str`\u001b[0m\n\u001b[0m   \u001b[0m\u001b[0m\u001b[1m\u001b[38;5;12m|\u001b[0m\u001b[0m                               \u001b[0m\u001b[0m\u001b[1m\u001b[38;5;12margument #3 of type `u64` is missing\u001b[0m\n\u001b[0m   \u001b[0m\u001b[0m\u001b[1m\u001b[38;5;12m|\u001b[0m\n\u001b[0m\u001b[1m\u001b[38;5;10mnote\u001b[0m\u001b[0m: method defined here\u001b[0m\n\u001b[0m  \u001b[0m\u001b[0m\u001b[1m\u001b[38;5;12m--> \u001b[0m\u001b[0m/home/unknown/ai-time-traveler/rust_code/tta_simulator/src/tta/functional_unit.rs:71:8\u001b[0m\n\u001b[0m   \u001b[0m\u001b[0m\u001b[1m\u001b[38;5;12m|\u001b[0m\n\u001b[0m\u001b[1m\u001b[38;5;12m71\u001b[0m\u001b[0m \u001b[0m\u001b[0m\u001b[1m\u001b[38;5;12m|\u001b[0m\u001b[0m \u001b[0m\u001b[0m    fn write_input(&mut self, port: u16, data: BusData, cycle: u64) -> FuEvent;\u001b[0m\n\u001b[0m   \u001b[0m\u001b[0m\u001b[1m\u001b[38;5;12m|\u001b[0m\u001b[0m        \u001b[0m\u001b[0m\u001b[1m\u001b[38;5;10m^^^^^^^^^^^\u001b[0m\n\u001b[0m\u001b[1m\u001b[38;5;14mhelp\u001b[0m\u001b[0m: provide the argument\u001b[0m\n\u001b[0m   \u001b[0m\u001b[0m\u001b[1m\u001b[38;5;12m|\u001b[0m\n\u001b[0m\u001b[1m\u001b[38;5;12m44\u001b[0m\u001b[0m \u001b[0m\u001b[0m\u001b[38;5;9m- \u001b[0m\u001b[0m    assert!(vecmac.write_input\u001b[0m\u001b[0m\u001b[38;5;9m(\"VEC_A\", BusData::VecI8(vec_a.clone()))\u001b[0m\u001b[0m.is_ok());\u001b[0m\n\u001b[0m\u001b[1m\u001b[38;5;12m44\u001b[0m\u001b[0m \u001b[0m\u001b[0m\u001b[38;5;10m+ \u001b[0m\u001b[0m    assert!(vecmac.write_input\u001b[0m\u001b[0m\u001b[38;5;10m(/* u16 */, BusData::VecI8(vec_a.clone()), /* u64 */)\u001b[0m\u001b[0m.is_ok());\u001b[0m\n\u001b[0m   \u001b[0m\u001b[0m\u001b[1m\u001b[38;5;12m|\u001b[0m\n\n"}
{"$message_type":"diagnostic","message":"no method named `is_ok` found for enum `FuEvent` in the current scope","code":{"code":"E0599","explanation":"This error occurs when a method is used on a type which doesn't implement it:\n\nErroneous code example:\n\n```compile_fail,E0599\nstruct Mouth;\n\nlet x = Mouth;\nx.chocolate(); // error: no method named `chocolate` found for type `Mouth`\n               //        in the current scope\n```\n\nIn this case, you need to implement the `chocolate` method to fix the error:\n\n```\nstruct Mouth;\n\nimpl Mouth {\n    fn chocolate(&self) { // We implement the `chocolate` method here.\n        println!(\"Hmmm! I love chocolate!\");\n    }\n}\n\nlet x = Mouth;\nx.chocolate(); // ok!\n```\n"},"level":"error","spans":[{"file_name":"tests/a3_dot16_validation.rs","byte_start":1648,"byte_end":1653,"line_start":44,"line_end":44,"column_start":72,"column_end":77,"is_primary":true,"text":[{"text":"    assert!(vecmac.write_input(\"VEC_A\", BusData::VecI8(vec_a.clone())).is_ok());","highlight_start":72,"highlight_end":77}],"label":"method not found in `FuEvent`","suggested_replacement":null,"suggestion_applicability":null,"expansion":null}],"children":[],"rendered":"\u001b[0m\u001b[1m\u001b[38;5;9merror[E0599]\u001b[0m\u001b[0m\u001b[1m: no method named `is_ok` found for enum `FuEvent` in the current scope\u001b[0m\n\u001b[0m  \u001b[0m\u001b[0m\u001b[1m\u001b[38;5;12m--> \u001b[0m\u001b[0mtests/a3_dot16_validation.rs:44:72\u001b[0m\n\u001b[0m   \u001b[0m\u001b[0m\u001b[1m\u001b[38;5;12m|\u001b[0m\n\u001b[0m\u001b[1m\u001b[38;5;12m44\u001b[0m\u001b[0m \u001b[0m\u001b[0m\u001b[1m\u001b[38;5;12m|\u001b[0m\u001b[0m \u001b[0m\u001b[0m    assert!(vecmac.write_input(\"VEC_A\", BusData::VecI8(vec_a.clone())).is_ok());\u001b[0m\n\u001b[0m   \u001b[0m\u001b[0m\u001b[1m\u001b[38;5;12m|\u001b[0m\u001b[0m                                                                        \u001b[0m\u001b[0m\u001b[1m\u001b[38;5;9m^^^^^\u001b[0m\u001b[0m \u001b[0m\u001b[0m\u001b[1m\u001b[38;5;9mmethod not found in `FuEvent`\u001b[0m\n\n"}
{"$message_type":"diagnostic","message":"this method takes 3 arguments but 2 arguments were supplied","code":{"code":"E0061","explanation":"An invalid number of arguments was passed when calling a function.\n\nErroneous code example:\n\n```compile_fail,E0061\nfn f(u: i32) {}\n\nf(); // error!\n```\n\nThe number of arguments passed to a function must match the number of arguments\nspecified in the function signature.\n\nFor example, a function like:\n\n```\nfn f(a: u16, b: &str) {}\n```\n\nMust always be called with exactly two arguments, e.g., `f(2, \"test\")`.\n\nNote that Rust does not have a notion of optional function arguments or\nvariadic functions (except for its C-FFI).\n"},"level":"error","spans":[{"file_name":"tests/a3_dot16_validation.rs","byte_start":1689,"byte_end":1696,"line_start":45,"line_end":45,"column_start":32,"column_end":39,"is_primary":false,"text":[{"text":"    assert!(vecmac.write_input(\"VEC_B\", BusData::VecI8(vec_b.clone())).is_ok());","highlight_start":32,"highlight_end":39}],"label":"expected `u16`, found `&str`","suggested_replacement":null,"suggestion_applicability":null,"expansion":null},{"file_name":"tests/a3_dot16_validation.rs","byte_start":1688,"byte_end":1728,"line_start":45,"line_end":45,"column_start":31,"column_end":71,"is_primary":false,"text":[{"text":"    assert!(vecmac.write_input(\"VEC_B\", BusData::VecI8(vec_b.clone())).is_ok());","highlight_start":31,"highlight_end":71}],"label":"argument #3 of type `u64` is missing","suggested_replacement":null,"suggestion_applicability":null,"expansion":null},{"file_name":"tests/a3_dot16_validation.rs","byte_start":1677,"byte_end":1688,"line_start":45,"line_end":45,"column_start":20,"column_end":31,"is_primary":true,"text":[{"text":"    assert!(vecmac.write_input(\"VEC_B\", BusData::VecI8(vec_b.clone())).is_ok());","highlight_start":20,"highlight_end":31}],"label":null,"suggested_replacement":null,"suggestion_applicability":null,"expansion":null}],"children":[{"message":"method defined here","code":null,"level":"note","spans":[{"file_name":"/home/unknown/ai-time-traveler/rust_code/tta_simulator/src/tta/functional_unit.rs","byte_start":1889,"byte_end":1900,"line_start":71,"line_end":71,"column_start":8,"column_end":19,"is_primary":true,"text":[{"text":"    fn write_input(&mut self, port: u16, data: BusData, cycle: u64) -> FuEvent;","highlight_start":8,"highlight_end":19}],"label":null,"suggested_replacement":null,"suggestion_applicability":null,"expansion":null}],"children":[],"rendered":null},{"message":"provide the argument","code":null,"level":"help","spans":[{"file_name":"tests/a3_dot16_validation.rs","byte_start":1688,"byte_end":1728,"line_start":45,"line_end":45,"column_start":31,"column_end":71,"is_primary":true,"text":[{"text":"    assert!(vecmac.write_input(\"VEC_B\", BusData::VecI8(vec_b.clone())).is_ok());","highlight_start":31,"highlight_end":71}],"label":null,"suggested_replacement":"(/* u16 */, BusData::VecI8(vec_b.clone()), /* u64 */)","suggestion_applicability":"HasPlaceholders","expansion":null}],"children":[],"rendered":null}],"rendered":"\u001b[0m\u001b[1m\u001b[38;5;9merror[E0061]\u001b[0m\u001b[0m\u001b[1m: this method takes 3 arguments but 2 arguments were supplied\u001b[0m\n\u001b[0m  \u001b[0m\u001b[0m\u001b[1m\u001b[38;5;12m--> \u001b[0m\u001b[0mtests/a3_dot16_validation.rs:45:20\u001b[0m\n\u001b[0m   \u001b[0m\u001b[0m\u001b[1m\u001b[38;5;12m|\u001b[0m\n\u001b[0m\u001b[1m\u001b[38;5;12m45\u001b[0m\u001b[0m \u001b[0m\u001b[0m\u001b[1m\u001b[38;5;12m|\u001b[0m\u001b[0m \u001b[0m\u001b[0m    assert!(vecmac.write_input(\"VEC_B\", BusData::VecI8(vec_b.clone())).is_ok());\u001b[0m\n\u001b[0m   \u001b[0m\u001b[0m\u001b[1m\u001b[38;5;12m|\u001b[0m\u001b[0m                    \u001b[0m\u001b[0m\u001b[1m\u001b[38;5;9m^^^^^^^^^^^\u001b[0m\u001b[0m\u001b[1m\u001b[38;5;12m----------------------------------------\u001b[0m\n\u001b[0m   \u001b[0m\u001b[0m\u001b[1m\u001b[38;5;12m|\u001b[0m\u001b[0m                               \u001b[0m\u001b[0m\u001b[1m\u001b[38;5;12m||\u001b[0m\n\u001b[0m   \u001b[0m\u001b[0m\u001b[1m\u001b[38;5;12m|\u001b[0m\u001b[0m                               \u001b[0m\u001b[0m\u001b[1m\u001b[38;5;12m|\u001b[0m\u001b[0m\u001b[1m\u001b[38;5;12mexpected `u16`, found `&str`\u001b[0m\n\u001b[0m   \u001b[0m\u001b[0m\u001b[1m\u001b[38;5;12m|\u001b[0m\u001b[0m                               \u001b[0m\u001b[0m\u001b[1m\u001b[38;5;12margument #3 of type `u64` is missing\u001b[0m\n\u001b[0m   \u001b[0m\u001b[0m\u001b[1m\u001b[38;5;12m|\u001b[0m\n\u001b[0m\u001b[1m\u001b[38;5;10mnote\u001b[0m\u001b[0m: method defined here\u001b[0m\n\u001b[0m  \u001b[0m\u001b[0m\u001b[1m\u001b[38;5;12m--> \u001b[0m\u001b[0m/home/unknown/ai-time-traveler/rust_code/tta_simulator/src/tta/functional_unit.rs:71:8\u001b[0m\n\u001b[0m   \u001b[0m\u001b[0m\u001b[1m\u001b[38;5;12m|\u001b[0m\n\u001b[0m\u001b[1m\u001b[38;5;12m71\u001b[0m\u001b[0m \u001b[0m\u001b[0m\u001b[1m\u001b[38;5;12m|\u001b[0m\u001b[0m \u001b[0m\u001b[0m    fn write_input(&mut self, port: u16, data: BusData, cycle: u64) -> FuEvent;\u001b[0m\n\u001b[0m   \u001b[0m\u001b[0m\u001b[1m\u001b[38;5;12m|\u001b[0m\u001b[0m        \u001b[0m\u001b[0m\u001b[1m\u001b[38;5;10m^^^^^^^^^^^\u001b[0m\n\u001b[0m\u001b[1m\u001b[38;5;14mhelp\u001b[0m\u001b[0m: provide the argument\u001b[0m\n\u001b[0m   \u001b[0m\u001b[0m\u001b[1m\u001b[38;5;12m|\u001b[0m\n\u001b[0m\u001b[1m\u001b[38;5;12m45\u001b[0m\u001b[0m \u001b[0m\u001b[0m\u001b[38;5;9m- \u001b[0m\u001b[0m    assert!(vecmac.write_input\u001b[0m\u001b[0m\u001b[38;5;9m(\"VEC_B\", BusData::VecI8(vec_b.clone()))\u001b[0m\u001b[0m.is_ok());\u001b[0m\n\u001b[0m\u001b[1m\u001b[38;5;12m45\u001b[0m\u001b[0m \u001b[0m\u001b[0m\u001b[38;5;10m+ \u001b[0m\u001b[0m    assert!(vecmac.write_input\u001b[0m\u001b[0m\u001b[38;5;10m(/* u16 */, BusData::VecI8(vec_b.clone()), /* u64 */)\u001b[0m\u001b[0m.is_ok());\u001b[0m\n\u001b[0m   \u001b[0m\u001b[0m\u001b[1m\u001b[38;5;12m|\u001b[0m\n\n"}
{"$message_type":"diagnostic","message":"no method named `is_ok` found for enum `FuEvent` in the current scope","code":{"code":"E0599","explanation":"This error occurs when a method is used on a type which doesn't implement it:\n\nErroneous code example:\n\n```compile_fail,E0599\nstruct Mouth;\n\nlet x = Mouth;\nx.chocolate(); // error: no method named `chocolate` found for type `Mouth`\n               //        in the current scope\n```\n\nIn this case, you need to implement the `chocolate` method to fix the error:\n\n```\nstruct Mouth;\n\nimpl Mouth {\n    fn chocolate(&self) { // We implement the `chocolate` method here.\n        println!(\"Hmmm! I love chocolate!\");\n    }\n}\n\nlet x = Mouth;\nx.chocolate(); // ok!\n```\n"},"level":"error","spans":[{"file_name":"tests/a3_dot16_validation.rs","byte_start":1729,"byte_end":1734,"line_start":45,"line_end":45,"column_start":72,"column_end":77,"is_primary":true,"text":[{"text":"    assert!(vecmac.write_input(\"VEC_B\", BusData::VecI8(vec_b.clone())).is_ok());","highlight_start":72,"highlight_end":77}],"label":"method not found in `FuEvent`","suggested_replacement":null,"suggestion_applicability":null,"expansion":null}],"children":[],"rendered":"\u001b[0m\u001b[1m\u001b[38;5;9merror[E0599]\u001b[0m\u001b[0m\u001b[1m: no method named `is_ok` found for enum `FuEvent` in the current scope\u001b[0m\n\u001b[0m  \u001b[0m\u001b[0m\u001b[1m\u001b[38;5;12m--> \u001b[0m\u001b[0mtests/a3_dot16_validation.rs:45:72\u001b[0m\n\u001b[0m   \u001b[0m\u001b[0m\u001b[1m\u001b[38;5;12m|\u001b[0m\n\u001b[0m\u001b[1m\u001b[38;5;12m45\u001b[0m\u001b[0m \u001b[0m\u001b[0m\u001b[1m\u001b[38;5;12m|\u001b[0m\u001b[0m \u001b[0m\u001b[0m    assert!(vecmac.write_input(\"VEC_B\", BusData::VecI8(vec_b.clone())).is_ok());\u001b[0m\n\u001b[0m   \u001b[0m\u001b[0m\u001b[1m\u001b[38;5;12m|\u001b[0m\u001b[0m                                                                        \u001b[0m\u001b[0m\u001b[1m\u001b[38;5;9m^^^^^\u001b[0m\u001b[0m \u001b[0m\u001b[0m\u001b[1m\u001b[38;5;9mmethod not found in `FuEvent`\u001b[0m\n\n"}
{"$message_type":"diagnostic","message":"mismatched types","code":{"code":"E0308","explanation":"Expected type did not match the received type.\n\nErroneous code examples:\n\n```compile_fail,E0308\nfn plus_one(x: i32) -> i32 {\n    x + 1\n}\n\nplus_one(\"Not a number\");\n//       ^^^^^^^^^^^^^^ expected `i32`, found `&str`\n\nif \"Not a bool\" {\n// ^^^^^^^^^^^^ expected `bool`, found `&str`\n}\n\nlet x: f32 = \"Not a float\";\n//     ---   ^^^^^^^^^^^^^ expected `f32`, found `&str`\n//     |\n//     expected due to this\n```\n\nThis error occurs when an expression was used in a place where the compiler\nexpected an expression of a different type. It can occur in several cases, the\nmost common being when calling a function and passing an argument which has a\ndifferent type than the matching type in the function declaration.\n"},"level":"error","spans":[{"file_name":"tests/a3_dot16_validation.rs","byte_start":2161,"byte_end":2170,"line_start":59,"line_end":59,"column_start":54,"column_end":63,"is_primary":true,"text":[{"text":"        if let Ok(Some(result)) = vecmac.read_output(\"MAC_OUT\") {","highlight_start":54,"highlight_end":63}],"label":"expected `u16`, found `&str`","suggested_replacement":null,"suggestion_applicability":null,"expansion":null},{"file_name":"tests/a3_dot16_validation.rs","byte_start":2149,"byte_end":2160,"line_start":59,"line_end":59,"column_start":42,"column_end":53,"is_primary":false,"text":[{"text":"        if let Ok(Some(result)) = vecmac.read_output(\"MAC_OUT\") {","highlight_start":42,"highlight_end":53}],"label":"arguments to this method are incorrect","suggested_replacement":null,"suggestion_applicability":null,"expansion":null}],"children":[{"message":"method defined here","code":null,"level":"note","spans":[{"file_name":"/home/unknown/ai-time-traveler/rust_code/tta_simulator/src/tta/functional_unit.rs","byte_start":2070,"byte_end":2081,"line_start":75,"line_end":75,"column_start":8,"column_end":19,"is_primary":true,"text":[{"text":"    fn read_output(&self, port: u16) -> Option<BusData>;","highlight_start":8,"highlight_end":19}],"label":null,"suggested_replacement":null,"suggestion_applicability":null,"expansion":null}],"children":[],"rendered":null}],"rendered":"\u001b[0m\u001b[1m\u001b[38;5;9merror[E0308]\u001b[0m\u001b[0m\u001b[1m: mismatched types\u001b[0m\n\u001b[0m  \u001b[0m\u001b[0m\u001b[1m\u001b[38;5;12m--> \u001b[0m\u001b[0mtests/a3_dot16_validation.rs:59:54\u001b[0m\n\u001b[0m   \u001b[0m\u001b[0m\u001b[1m\u001b[38;5;12m|\u001b[0m\n\u001b[0m\u001b[1m\u001b[38;5;12m59\u001b[0m\u001b[0m \u001b[0m\u001b[0m\u001b[1m\u001b[38;5;12m|\u001b[0m\u001b[0m \u001b[0m\u001b[0m        if let Ok(Some(result)) = vecmac.read_output(\"MAC_OUT\") {\u001b[0m\n\u001b[0m   \u001b[0m\u001b[0m\u001b[1m\u001b[38;5;12m|\u001b[0m\u001b[0m                                          \u001b[0m\u001b[0m\u001b[1m\u001b[38;5;12m-----------\u001b[0m\u001b[0m \u001b[0m\u001b[0m\u001b[1m\u001b[38;5;9m^^^^^^^^^\u001b[0m\u001b[0m \u001b[0m\u001b[0m\u001b[1m\u001b[38;5;9mexpected `u16`, found `&str`\u001b[0m\n\u001b[0m   \u001b[0m\u001b[0m\u001b[1m\u001b[38;5;12m|\u001b[0m\u001b[0m                                          \u001b[0m\u001b[0m\u001b[1m\u001b[38;5;12m|\u001b[0m\n\u001b[0m   \u001b[0m\u001b[0m\u001b[1m\u001b[38;5;12m|\u001b[0m\u001b[0m                                          \u001b[0m\u001b[0m\u001b[1m\u001b[38;5;12marguments to this method are incorrect\u001b[0m\n\u001b[0m   \u001b[0m\u001b[0m\u001b[1m\u001b[38;5;12m|\u001b[0m\n\u001b[0m\u001b[1m\u001b[38;5;10mnote\u001b[0m\u001b[0m: method defined here\u001b[0m\n\u001b[0m  \u001b[0m\u001b[0m\u001b[1m\u001b[38;5;12m--> \u001b[0m\u001b[0m/home/unknown/ai-time-traveler/rust_code/tta_simulator/src/tta/functional_unit.rs:75:8\u001b[0m\n\u001b[0m   \u001b[0m\u001b[0m\u001b[1m\u001b[38;5;12m|\u001b[0m\n\u001b[0m\u001b[1m\u001b[38;5;12m75\u001b[0m\u001b[0m \u001b[0m\u001b[0m\u001b[1m\u001b[38;5;12m|\u001b[0m\u001b[0m \u001b[0m\u001b[0m    fn read_output(&self, port: u16) -> Option<BusData>;\u001b[0m\n\u001b[0m   \u001b[0m\u001b[0m\u001b[1m\u001b[38;5;12m|\u001b[0m\u001b[0m        \u001b[0m\u001b[0m\u001b[1m\u001b[38;5;10m^^^^^^^^^^^\u001b[0m\n\n"}
{"$message_type":"diagnostic","message":"mismatched types","code":{"code":"E0308","explanation":"Expected type did not match the received type.\n\nErroneous code examples:\n\n```compile_fail,E0308\nfn plus_one(x: i32) -> i32 {\n    x + 1\n}\n\nplus_one(\"Not a number\");\n//       ^^^^^^^^^^^^^^ expected `i32`, found `&str`\n\nif \"Not a bool\" {\n// ^^^^^^^^^^^^ expected `bool`, found `&str`\n}\n\nlet x: f32 = \"Not a float\";\n//     ---   ^^^^^^^^^^^^^ expected `f32`, found `&str`\n//     |\n//     expected due to this\n```\n\nThis error occurs when an expression was used in a place where the compiler\nexpected an expression of a different type. It can occur in several cases, the\nmost common being when calling a function and passing an argument which has a\ndifferent type than the matching type in the function declaration.\n"},"level":"error","spans":[{"file_name":"tests/a3_dot16_validation.rs","byte_start":2123,"byte_end":2139,"line_start":59,"line_end":59,"column_start":16,"column_end":32,"is_primary":true,"text":[{"text":"        if let Ok(Some(result)) = vecmac.read_output(\"MAC_OUT\") {","highlight_start":16,"highlight_end":32}],"label":"expected `Option<BusData>`, found `Result<_, _>`","suggested_replacement":null,"suggestion_applicability":null,"expansion":null},{"file_name":"tests/a3_dot16_validation.rs","byte_start":2142,"byte_end":2171,"line_start":59,"line_end":59,"column_start":35,"column_end":64,"is_primary":false,"text":[{"text":"        if let Ok(Some(result)) = vecmac.read_output(\"MAC_OUT\") {","highlight_start":35,"highlight_end":64}],"label":"this expression has type `Option<BusData>`","suggested_replacement":null,"suggestion_applicability":null,"expansion":null}],"children":[{"message":"expected enum `Option<BusData>`\n   found enum `Result<_, _>`","code":null,"level":"note","spans":[],"children":[],"rendered":null}],"rendered":"\u001b[0m\u001b[1m\u001b[38;5;9merror[E0308]\u001b[0m\u001b[0m\u001b[1m: mismatched types\u001b[0m\n\u001b[0m  \u001b[0m\u001b[0m\u001b[1m\u001b[38;5;12m--> \u001b[0m\u001b[0mtests/a3_dot16_validation.rs:59:16\u001b[0m\n\u001b[0m   \u001b[0m\u001b[0m\u001b[1m\u001b[38;5;12m|\u001b[0m\n\u001b[0m\u001b[1m\u001b[38;5;12m59\u001b[0m\u001b[0m \u001b[0m\u001b[0m\u001b[1m\u001b[38;5;12m|\u001b[0m\u001b[0m \u001b[0m\u001b[0m        if let Ok(Some(result)) = vecmac.read_output(\"MAC_OUT\") {\u001b[0m\n\u001b[0m   \u001b[0m\u001b[0m\u001b[1m\u001b[38;5;12m|\u001b[0m\u001b[0m                \u001b[0m\u001b[0m\u001b[1m\u001b[38;5;9m^^^^^^^^^^^^^^^^\u001b[0m\u001b[0m   \u001b[0m\u001b[0m\u001b[1m\u001b[38;5;12m-----------------------------\u001b[0m\u001b[0m \u001b[0m\u001b[0m\u001b[1m\u001b[38;5;12mthis expression has type `Option<BusData>`\u001b[0m\n\u001b[0m   \u001b[0m\u001b[0m\u001b[1m\u001b[38;5;12m|\u001b[0m\u001b[0m                \u001b[0m\u001b[0m\u001b[1m\u001b[38;5;9m|\u001b[0m\n\u001b[0m   \u001b[0m\u001b[0m\u001b[1m\u001b[38;5;12m|\u001b[0m\u001b[0m                \u001b[0m\u001b[0m\u001b[1m\u001b[38;5;9mexpected `Option<BusData>`, found `Result<_, _>`\u001b[0m\n\u001b[0m   \u001b[0m\u001b[0m\u001b[1m\u001b[38;5;12m|\u001b[0m\n\u001b[0m   \u001b[0m\u001b[0m\u001b[1m\u001b[38;5;12m= \u001b[0m\u001b[0m\u001b[1mnote\u001b[0m\u001b[0m: expected enum `\u001b[0m\u001b[0m\u001b[1m\u001b[35mOption<BusData>\u001b[0m\u001b[0m`\u001b[0m\n\u001b[0m              found enum `\u001b[0m\u001b[0m\u001b[1m\u001b[35mResult<_, _>\u001b[0m\u001b[0m`\u001b[0m\n\n"}
{"$message_type":"diagnostic","message":"this method takes 3 arguments but 2 arguments were supplied","code":{"code":"E0061","explanation":"An invalid number of arguments was passed when calling a function.\n\nErroneous code example:\n\n```compile_fail,E0061\nfn f(u: i32) {}\n\nf(); // error!\n```\n\nThe number of arguments passed to a function must match the number of arguments\nspecified in the function signature.\n\nFor example, a function like:\n\n```\nfn f(a: u16, b: &str) {}\n```\n\nMust always be called with exactly two arguments, e.g., `f(2, \"test\")`.\n\nNote that Rust does not have a notion of optional function arguments or\nvariadic functions (except for its C-FFI).\n"},"level":"error","spans":[{"file_name":"tests/a3_dot16_validation.rs","byte_start":2560,"byte_end":2568,"line_start":67,"line_end":67,"column_start":40,"column_end":48,"is_primary":false,"text":[{"text":"            assert!(reduce.write_input(\"VEC_IN\", result.clone()).is_ok());","highlight_start":40,"highlight_end":48}],"label":"expected `u16`, found `&str`","suggested_replacement":null,"suggestion_applicability":null,"expansion":null},{"file_name":"tests/a3_dot16_validation.rs","byte_start":2559,"byte_end":2585,"line_start":67,"line_end":67,"column_start":39,"column_end":65,"is_primary":false,"text":[{"text":"            assert!(reduce.write_input(\"VEC_IN\", result.clone()).is_ok());","highlight_start":39,"highlight_end":65}],"label":"argument #3 of type `u64` is missing","suggested_replacement":null,"suggestion_applicability":null,"expansion":null},{"file_name":"tests/a3_dot16_validation.rs","byte_start":2548,"byte_end":2559,"line_start":67,"line_end":67,"column_start":28,"column_end":39,"is_primary":true,"text":[{"text":"            assert!(reduce.write_input(\"VEC_IN\", result.clone()).is_ok());","highlight_start":28,"highlight_end":39}],"label":null,"suggested_replacement":null,"suggestion_applicability":null,"expansion":null}],"children":[{"message":"method defined here","code":null,"level":"note","spans":[{"file_name":"/home/unknown/ai-time-traveler/rust_code/tta_simulator/src/tta/functional_unit.rs","byte_start":1889,"byte_end":1900,"line_start":71,"line_end":71,"column_start":8,"column_end":19,"is_primary":true,"text":[{"text":"    fn write_input(&mut self, port: u16, data: BusData, cycle: u64) -> FuEvent;","highlight_start":8,"highlight_end":19}],"label":null,"suggested_replacement":null,"suggestion_applicability":null,"expansion":null}],"children":[],"rendered":null},{"message":"provide the argument","code":null,"level":"help","spans":[{"file_name":"tests/a3_dot16_validation.rs","byte_start":2559,"byte_end":2585,"line_start":67,"line_end":67,"column_start":39,"column_end":65,"is_primary":true,"text":[{"text":"            assert!(reduce.write_input(\"VEC_IN\", result.clone()).is_ok());","highlight_start":39,"highlight_end":65}],"label":null,"suggested_replacement":"(/* u16 */, result.clone(), /* u64 */)","suggestion_applicability":"HasPlaceholders","expansion":null}],"children":[],"rendered":null}],"rendered":"\u001b[0m\u001b[1m\u001b[38;5;9merror[E0061]\u001b[0m\u001b[0m\u001b[1m: this method takes 3 arguments but 2 arguments were supplied\u001b[0m\n\u001b[0m  \u001b[0m\u001b[0m\u001b[1m\u001b[38;5;12m--> \u001b[0m\u001b[0mtests/a3_dot16_validation.rs:67:28\u001b[0m\n\u001b[0m   \u001b[0m\u001b[0m\u001b[1m\u001b[38;5;12m|\u001b[0m\n\u001b[0m\u001b[1m\u001b[38;5;12m67\u001b[0m\u001b[0m \u001b[0m\u001b[0m\u001b[1m\u001b[38;5;12m|\u001b[0m\u001b[0m \u001b[0m\u001b[0m            assert!(reduce.write_input(\"VEC_IN\", result.clone()).is_ok());\u001b[0m\n\u001b[0m   \u001b[0m\u001b[0m\u001b[1m\u001b[38;5;12m|\u001b[0m\u001b[0m                            \u001b[0m\u001b[0m\u001b[1m\u001b[38;5;9m^^^^^^^^^^^\u001b[0m\u001b[0m\u001b[1m\u001b[38;5;12m--------------------------\u001b[0m\n\u001b[0m   \u001b[0m\u001b[0m\u001b[1m\u001b[38;5;12m|\u001b[0m\u001b[0m                                       \u001b[0m\u001b[0m\u001b[1m\u001b[38;5;12m||\u001b[0m\n\u001b[0m   \u001b[0m\u001b[0m\u001b[1m\u001b[38;5;12m|\u001b[0m\u001b[0m                                       \u001b[0m\u001b[0m\u001b[1m\u001b[38;5;12m|\u001b[0m\u001b[0m\u001b[1m\u001b[38;5;12mexpected `u16`, found `&str`\u001b[0m\n\u001b[0m   \u001b[0m\u001b[0m\u001b[1m\u001b[38;5;12m|\u001b[0m\u001b[0m                                       \u001b[0m\u001b[0m\u001b[1m\u001b[38;5;12margument #3 of type `u64` is missing\u001b[0m\n\u001b[0m   \u001b[0m\u001b[0m\u001b[1m\u001b[38;5;12m|\u001b[0m\n\u001b[0m\u001b[1m\u001b[38;5;10mnote\u001b[0m\u001b[0m: method defined here\u001b[0m\n\u001b[0m  \u001b[0m\u001b[0m\u001b[1m\u001b[38;5;12m--> \u001b[0m\u001b[0m/home/unknown/ai-time-traveler/rust_code/tta_simulator/src/tta/functional_unit.rs:71:8\u001b[0m\n\u001b[0m   \u001b[0m\u001b[0m\u001b[1m\u001b[38;5;12m|\u001b[0m\n\u001b[0m\u001b[1m\u001b[38;5;12m71\u001b[0m\u001b[0m \u001b[0m\u001b[0m\u001b[1m\u001b[38;5;12m|\u001b[0m\u001b[0m \u001b[0m\u001b[0m    fn write_input(&mut self, port: u16, data: BusData, cycle: u64) -> FuEvent;\u001b[0m\n\u001b[0m   \u001b[0m\u001b[0m\u001b[1m\u001b[38;5;12m|\u001b[0m\u001b[0m        \u001b[0m\u001b[0m\u001b[1m\u001b[38;5;10m^^^^^^^^^^^\u001b[0m\n\u001b[0m\u001b[1m\u001b[38;5;14mhelp\u001b[0m\u001b[0m: provide the argument\u001b[0m\n\u001b[0m   \u001b[0m\u001b[0m\u001b[1m\u001b[38;5;12m|\u001b[0m\n\u001b[0m\u001b[1m\u001b[38;5;12m67\u001b[0m\u001b[0m \u001b[0m\u001b[0m\u001b[38;5;9m- \u001b[0m\u001b[0m            assert!(reduce.write_input\u001b[0m\u001b[0m\u001b[38;5;9m(\"VEC_IN\", result.clone())\u001b[0m\u001b[0m.is_ok());\u001b[0m\n\u001b[0m\u001b[1m\u001b[38;5;12m67\u001b[0m\u001b[0m \u001b[0m\u001b[0m\u001b[38;5;10m+ \u001b[0m\u001b[0m            assert!(reduce.write_input\u001b[0m\u001b[0m\u001b[38;5;10m(/* u16 */, result.clone(), /* u64 */)\u001b[0m\u001b[0m.is_ok());\u001b[0m\n\u001b[0m   \u001b[0m\u001b[0m\u001b[1m\u001b[38;5;12m|\u001b[0m\n\n"}
{"$message_type":"diagnostic","message":"no method named `is_ok` found for enum `FuEvent` in the current scope","code":{"code":"E0599","explanation":"This error occurs when a method is used on a type which doesn't implement it:\n\nErroneous code example:\n\n```compile_fail,E0599\nstruct Mouth;\n\nlet x = Mouth;\nx.chocolate(); // error: no method named `chocolate` found for type `Mouth`\n               //        in the current scope\n```\n\nIn this case, you need to implement the `chocolate` method to fix the error:\n\n```\nstruct Mouth;\n\nimpl Mouth {\n    fn chocolate(&self) { // We implement the `chocolate` method here.\n        println!(\"Hmmm! I love chocolate!\");\n    }\n}\n\nlet x = Mouth;\nx.chocolate(); // ok!\n```\n"},"level":"error","spans":[{"file_name":"tests/a3_dot16_validation.rs","byte_start":2586,"byte_end":2591,"line_start":67,"line_end":67,"column_start":66,"column_end":71,"is_primary":true,"text":[{"text":"            assert!(reduce.write_input(\"VEC_IN\", result.clone()).is_ok());","highlight_start":66,"highlight_end":71}],"label":"method not found in `FuEvent`","suggested_replacement":null,"suggestion_applicability":null,"expansion":null}],"children":[],"rendered":"\u001b[0m\u001b[1m\u001b[38;5;9merror[E0599]\u001b[0m\u001b[0m\u001b[1m: no method named `is_ok` found for enum `FuEvent` in the current scope\u001b[0m\n\u001b[0m  \u001b[0m\u001b[0m\u001b[1m\u001b[38;5;12m--> \u001b[0m\u001b[0mtests/a3_dot16_validation.rs:67:66\u001b[0m\n\u001b[0m   \u001b[0m\u001b[0m\u001b[1m\u001b[38;5;12m|\u001b[0m\n\u001b[0m\u001b[1m\u001b[38;5;12m67\u001b[0m\u001b[0m \u001b[0m\u001b[0m\u001b[1m\u001b[38;5;12m|\u001b[0m\u001b[0m \u001b[0m\u001b[0m            assert!(reduce.write_input(\"VEC_IN\", result.clone()).is_ok());\u001b[0m\n\u001b[0m   \u001b[0m\u001b[0m\u001b[1m\u001b[38;5;12m|\u001b[0m\u001b[0m                                                                  \u001b[0m\u001b[0m\u001b[1m\u001b[38;5;9m^^^^^\u001b[0m\u001b[0m \u001b[0m\u001b[0m\u001b[1m\u001b[38;5;9mmethod not found in `FuEvent`\u001b[0m\n\n"}
{"$message_type":"diagnostic","message":"this method takes 3 arguments but 2 arguments were supplied","code":{"code":"E0061","explanation":"An invalid number of arguments was passed when calling a function.\n\nErroneous code example:\n\n```compile_fail,E0061\nfn f(u: i32) {}\n\nf(); // error!\n```\n\nThe number of arguments passed to a function must match the number of arguments\nspecified in the function signature.\n\nFor example, a function like:\n\n```\nfn f(a: u16, b: &str) {}\n```\n\nMust always be called with exactly two arguments, e.g., `f(2, \"test\")`.\n\nNote that Rust does not have a notion of optional function arguments or\nvariadic functions (except for its C-FFI).\n"},"level":"error","spans":[{"file_name":"tests/a3_dot16_validation.rs","byte_start":2635,"byte_end":2641,"line_start":68,"line_end":68,"column_start":40,"column_end":46,"is_primary":false,"text":[{"text":"            assert!(reduce.write_input(\"MODE\", BusData::I32(0)).is_ok()); // Sum mode","highlight_start":40,"highlight_end":46}],"label":"expected `u16`, found `&str`","suggested_replacement":null,"suggestion_applicability":null,"expansion":null},{"file_name":"tests/a3_dot16_validation.rs","byte_start":2634,"byte_end":2659,"line_start":68,"line_end":68,"column_start":39,"column_end":64,"is_primary":false,"text":[{"text":"            assert!(reduce.write_input(\"MODE\", BusData::I32(0)).is_ok()); // Sum mode","highlight_start":39,"highlight_end":64}],"label":"argument #3 of type `u64` is missing","suggested_replacement":null,"suggestion_applicability":null,"expansion":null},{"file_name":"tests/a3_dot16_validation.rs","byte_start":2623,"byte_end":2634,"line_start":68,"line_end":68,"column_start":28,"column_end":39,"is_primary":true,"text":[{"text":"            assert!(reduce.write_input(\"MODE\", BusData::I32(0)).is_ok()); // Sum mode","highlight_start":28,"highlight_end":39}],"label":null,"suggested_replacement":null,"suggestion_applicability":null,"expansion":null}],"children":[{"message":"method defined here","code":null,"level":"note","spans":[{"file_name":"/home/unknown/ai-time-traveler/rust_code/tta_simulator/src/tta/functional_unit.rs","byte_start":1889,"byte_end":1900,"line_start":71,"line_end":71,"column_start":8,"column_end":19,"is_primary":true,"text":[{"text":"    fn write_input(&mut self, port: u16, data: BusData, cycle: u64) -> FuEvent;","highlight_start":8,"highlight_end":19}],"label":null,"suggested_replacement":null,"suggestion_applicability":null,"expansion":null}],"children":[],"rendered":null},{"message":"provide the argument","code":null,"level":"help","spans":[{"file_name":"tests/a3_dot16_validation.rs","byte_start":2634,"byte_end":2659,"line_start":68,"line_end":68,"column_start":39,"column_end":64,"is_primary":true,"text":[{"text":"            assert!(reduce.write_input(\"MODE\", BusData::I32(0)).is_ok()); // Sum mode","highlight_start":39,"highlight_end":64}],"label":null,"suggested_replacement":"(/* u16 */, BusData::I32(0), /* u64 */)","suggestion_applicability":"HasPlaceholders","expansion":null}],"children":[],"rendered":null}],"rendered":"\u001b[0m\u001b[1m\u001b[38;5;9merror[E0061]\u001b[0m\u001b[0m\u001b[1m: this method takes 3 arguments but 2 arguments were supplied\u001b[0m\n\u001b[0m  \u001b[0m\u001b[0m\u001b[1m\u001b[38;5;12m--> \u001b[0m\u001b[0mtests/a3_dot16_validation.rs:68:28\u001b[0m\n\u001b[0m   \u001b[0m\u001b[0m\u001b[1m\u001b[38;5;12m|\u001b[0m\n\u001b[0m\u001b[1m\u001b[38;5;12m68\u001b[0m\u001b[0m \u001b[0m\u001b[0m\u001b[1m\u001b[38;5;12m|\u001b[0m\u001b[0m \u001b[0m\u001b[0m            assert!(reduce.write_input(\"MODE\", BusData::I32(0)).is_ok()); // Sum mode\u001b[0m\n\u001b[0m   \u001b[0m\u001b[0m\u001b[1m\u001b[38;5;12m|\u001b[0m\u001b[0m                            \u001b[0m\u001b[0m\u001b[1m\u001b[38;5;9m^^^^^^^^^^^\u001b[0m\u001b[0m\u001b[1m\u001b[38;5;12m-------------------------\u001b[0m\n\u001b[0m   \u001b[0m\u001b[0m\u001b[1m\u001b[38;5;12m|\u001b[0m\u001b[0m                                       \u001b[0m\u001b[0m\u001b[1m\u001b[38;5;12m||\u001b[0m\n\u001b[0m   \u001b[0m\u001b[0m\u001b[1m\u001b[38;5;12m|\u001b[0m\u001b[0m                                       \u001b[0m\u001b[0m\u001b[1m\u001b[38;5;12m|\u001b[0m\u001b[0m\u001b[1m\u001b[38;5;12mexpected `u16`, found `&str`\u001b[0m\n\u001b[0m   \u001b[0m\u001b[0m\u001b[1m\u001b[38;5;12m|\u001b[0m\u001b[0m                                       \u001b[0m\u001b[0m\u001b[1m\u001b[38;5;12margument #3 of type `u64` is missing\u001b[0m\n\u001b[0m   \u001b[0m\u001b[0m\u001b[1m\u001b[38;5;12m|\u001b[0m\n\u001b[0m\u001b[1m\u001b[38;5;10mnote\u001b[0m\u001b[0m: method defined here\u001b[0m\n\u001b[0m  \u001b[0m\u001b[0m\u001b[1m\u001b[38;5;12m--> \u001b[0m\u001b[0m/home/unknown/ai-time-traveler/rust_code/tta_simulator/src/tta/functional_unit.rs:71:8\u001b[0m\n\u001b[0m   \u001b[0m\u001b[0m\u001b[1m\u001b[38;5;12m|\u001b[0m\n\u001b[0m\u001b[1m\u001b[38;5;12m71\u001b[0m\u001b[0m \u001b[0m\u001b[0m\u001b[1m\u001b[38;5;12m|\u001b[0m\u001b[0m \u001b[0m\u001b[0m    fn write_input(&mut self, port: u16, data: BusData, cycle: u64) -> FuEvent;\u001b[0m\n\u001b[0m   \u001b[0m\u001b[0m\u001b[1m\u001b[38;5;12m|\u001b[0m\u001b[0m        \u001b[0m\u001b[0m\u001b[1m\u001b[38;5;10m^^^^^^^^^^^\u001b[0m\n\u001b[0m\u001b[1m\u001b[38;5;14mhelp\u001b[0m\u001b[0m: provide the argument\u001b[0m\n\u001b[0m   \u001b[0m\u001b[0m\u001b[1m\u001b[38;5;12m|\u001b[0m\n\u001b[0m\u001b[1m\u001b[38;5;12m68\u001b[0m\u001b[0m \u001b[0m\u001b[0m\u001b[38;5;9m- \u001b[0m\u001b[0m            assert!(reduce.write_input\u001b[0m\u001b[0m\u001b[38;5;9m(\"MODE\", BusData::I32(0))\u001b[0m\u001b[0m.is_ok()); // Sum mode\u001b[0m\n\u001b[0m\u001b[1m\u001b[38;5;12m68\u001b[0m\u001b[0m \u001b[0m\u001b[0m\u001b[38;5;10m+ \u001b[0m\u001b[0m            assert!(reduce.write_input\u001b[0m\u001b[0m\u001b[38;5;10m(/* u16 */, BusData::I32(0), /* u64 */)\u001b[0m\u001b[0m.is_ok()); // Sum mode\u001b[0m\n\u001b[0m   \u001b[0m\u001b[0m\u001b[1m\u001b[38;5;12m|\u001b[0m\n\n"}
{"$message_type":"diagnostic","message":"no method named `is_ok` found for enum `FuEvent` in the current scope","code":{"code":"E0599","explanation":"This error occurs when a method is used on a type which doesn't implement it:\n\nErroneous code example:\n\n```compile_fail,E0599\nstruct Mouth;\n\nlet x = Mouth;\nx.chocolate(); // error: no method named `chocolate` found for type `Mouth`\n               //        in the current scope\n```\n\nIn this case, you need to implement the `chocolate` method to fix the error:\n\n```\nstruct Mouth;\n\nimpl Mouth {\n    fn chocolate(&self) { // We implement the `chocolate` method here.\n        println!(\"Hmmm! I love chocolate!\");\n    }\n}\n\nlet x = Mouth;\nx.chocolate(); // ok!\n```\n"},"level":"error","spans":[{"file_name":"tests/a3_dot16_validation.rs","byte_start":2660,"byte_end":2665,"line_start":68,"line_end":68,"column_start":65,"column_end":70,"is_primary":true,"text":[{"text":"            assert!(reduce.write_input(\"MODE\", BusData::I32(0)).is_ok()); // Sum mode","highlight_start":65,"highlight_end":70}],"label":"method not found in `FuEvent`","suggested_replacement":null,"suggestion_applicability":null,"expansion":null}],"children":[],"rendered":"\u001b[0m\u001b[1m\u001b[38;5;9merror[E0599]\u001b[0m\u001b[0m\u001b[1m: no method named `is_ok` found for enum `FuEvent` in the current scope\u001b[0m\n\u001b[0m  \u001b[0m\u001b[0m\u001b[1m\u001b[38;5;12m--> \u001b[0m\u001b[0mtests/a3_dot16_validation.rs:68:65\u001b[0m\n\u001b[0m   \u001b[0m\u001b[0m\u001b[1m\u001b[38;5;12m|\u001b[0m\n\u001b[0m\u001b[1m\u001b[38;5;12m68\u001b[0m\u001b[0m \u001b[0m\u001b[0m\u001b[1m\u001b[38;5;12m|\u001b[0m\u001b[0m \u001b[0m\u001b[0m            assert!(reduce.write_input(\"MODE\", BusData::I32(0)).is_ok()); // Sum mode\u001b[0m\n\u001b[0m   \u001b[0m\u001b[0m\u001b[1m\u001b[38;5;12m|\u001b[0m\u001b[0m                                                                 \u001b[0m\u001b[0m\u001b[1m\u001b[38;5;9m^^^^^\u001b[0m\u001b[0m \u001b[0m\u001b[0m\u001b[1m\u001b[38;5;9mmethod not found in `FuEvent`\u001b[0m\n\n"}
{"$message_type":"diagnostic","message":"mismatched types","code":{"code":"E0308","explanation":"Expected type did not match the received type.\n\nErroneous code examples:\n\n```compile_fail,E0308\nfn plus_one(x: i32) -> i32 {\n    x + 1\n}\n\nplus_one(\"Not a number\");\n//       ^^^^^^^^^^^^^^ expected `i32`, found `&str`\n\nif \"Not a bool\" {\n// ^^^^^^^^^^^^ expected `bool`, found `&str`\n}\n\nlet x: f32 = \"Not a float\";\n//     ---   ^^^^^^^^^^^^^ expected `f32`, found `&str`\n//     |\n//     expected due to this\n```\n\nThis error occurs when an expression was used in a place where the compiler\nexpected an expression of a different type. It can occur in several cases, the\nmost common being when calling a function and passing an argument which has a\ndifferent type than the matching type in the function declaration.\n"},"level":"error","spans":[{"file_name":"tests/a3_dot16_validation.rs","byte_start":3129,"byte_end":3141,"line_start":79,"line_end":79,"column_start":68,"column_end":80,"is_primary":true,"text":[{"text":"                if let Ok(Some(final_result)) = reduce.read_output(\"SCALAR_OUT\") {","highlight_start":68,"highlight_end":80}],"label":"expected `u16`, found `&str`","suggested_replacement":null,"suggestion_applicability":null,"expansion":null},{"file_name":"tests/a3_dot16_validation.rs","byte_start":3117,"byte_end":3128,"line_start":79,"line_end":79,"column_start":56,"column_end":67,"is_primary":false,"text":[{"text":"                if let Ok(Some(final_result)) = reduce.read_output(\"SCALAR_OUT\") {","highlight_start":56,"highlight_end":67}],"label":"arguments to this method are incorrect","suggested_replacement":null,"suggestion_applicability":null,"expansion":null}],"children":[{"message":"method defined here","code":null,"level":"note","spans":[{"file_name":"/home/unknown/ai-time-traveler/rust_code/tta_simulator/src/tta/functional_unit.rs","byte_start":2070,"byte_end":2081,"line_start":75,"line_end":75,"column_start":8,"column_end":19,"is_primary":true,"text":[{"text":"    fn read_output(&self, port: u16) -> Option<BusData>;","highlight_start":8,"highlight_end":19}],"label":null,"suggested_replacement":null,"suggestion_applicability":null,"expansion":null}],"children":[],"rendered":null}],"rendered":"\u001b[0m\u001b[1m\u001b[38;5;9merror[E0308]\u001b[0m\u001b[0m\u001b[1m: mismatched types\u001b[0m\n\u001b[0m  \u001b[0m\u001b[0m\u001b[1m\u001b[38;5;12m--> \u001b[0m\u001b[0mtests/a3_dot16_validation.rs:79:68\u001b[0m\n\u001b[0m   \u001b[0m\u001b[0m\u001b[1m\u001b[38;5;12m|\u001b[0m\n\u001b[0m\u001b[1m\u001b[38;5;12m79\u001b[0m\u001b[0m \u001b[0m\u001b[0m\u001b[1m\u001b[38;5;12m|\u001b[0m\u001b[0m \u001b[0m\u001b[0m                if let Ok(Some(final_result)) = reduce.read_output(\"SCALAR_OUT\") {\u001b[0m\n\u001b[0m   \u001b[0m\u001b[0m\u001b[1m\u001b[38;5;12m|\u001b[0m\u001b[0m                                                        \u001b[0m\u001b[0m\u001b[1m\u001b[38;5;12m-----------\u001b[0m\u001b[0m \u001b[0m\u001b[0m\u001b[1m\u001b[38;5;9m^^^^^^^^^^^^\u001b[0m\u001b[0m \u001b[0m\u001b[0m\u001b[1m\u001b[38;5;9mexpected `u16`, found `&str`\u001b[0m\n\u001b[0m   \u001b[0m\u001b[0m\u001b[1m\u001b[38;5;12m|\u001b[0m\u001b[0m                                                        \u001b[0m\u001b[0m\u001b[1m\u001b[38;5;12m|\u001b[0m\n\u001b[0m   \u001b[0m\u001b[0m\u001b[1m\u001b[38;5;12m|\u001b[0m\u001b[0m                                                        \u001b[0m\u001b[0m\u001b[1m\u001b[38;5;12marguments to this method are incorrect\u001b[0m\n\u001b[0m   \u001b[0m\u001b[0m\u001b[1m\u001b[38;5;12m|\u001b[0m\n\u001b[0m\u001b[1m\u001b[38;5;10mnote\u001b[0m\u001b[0m: method defined here\u001b[0m\n\u001b[0m  \u001b[0m\u001b[0m\u001b[1m\u001b[38;5;12m--> \u001b[0m\u001b[0m/home/unknown/ai-time-traveler/rust_code/tta_simulator/src/tta/functional_unit.rs:75:8\u001b[0m\n\u001b[0m   \u001b[0m\u001b[0m\u001b[1m\u001b[38;5;12m|\u001b[0m\n\u001b[0m\u001b[1m\u001b[38;5;12m75\u001b[0m\u001b[0m \u001b[0m\u001b[0m\u001b[1m\u001b[38;5;12m|\u001b[0m\u001b[0m \u001b[0m\u001b[0m    fn read_output(&self, port: u16) -> Option<BusData>;\u001b[0m\n\u001b[0m   \u001b[0m\u001b[0m\u001b[1m\u001b[38;5;12m|\u001b[0m\u001b[0m        \u001b[0m\u001b[0m\u001b[1m\u001b[38;5;10m^^^^^^^^^^^\u001b[0m\n\n"}
{"$message_type":"diagnostic","message":"mismatched types","code":{"code":"E0308","explanation":"Expected type did not match the received type.\n\nErroneous code examples:\n\n```compile_fail,E0308\nfn plus_one(x: i32) -> i32 {\n    x + 1\n}\n\nplus_one(\"Not a number\");\n//       ^^^^^^^^^^^^^^ expected `i32`, found `&str`\n\nif \"Not a bool\" {\n// ^^^^^^^^^^^^ expected `bool`, found `&str`\n}\n\nlet x: f32 = \"Not a float\";\n//     ---   ^^^^^^^^^^^^^ expected `f32`, found `&str`\n//     |\n//     expected due to this\n```\n\nThis error occurs when an expression was used in a place where the compiler\nexpected an expression of a different type. It can occur in several cases, the\nmost common being when calling a function and passing an argument which has a\ndifferent type than the matching type in the function declaration.\n"},"level":"error","spans":[{"file_name":"tests/a3_dot16_validation.rs","byte_start":3085,"byte_end":3107,"line_start":79,"line_end":79,"column_start":24,"column_end":46,"is_primary":true,"text":[{"text":"                if let Ok(Some(final_result)) = reduce.read_output(\"SCALAR_OUT\") {","highlight_start":24,"highlight_end":46}],"label":"expected `Option<BusData>`, found `Result<_, _>`","suggested_replacement":null,"suggestion_applicability":null,"expansion":null},{"file_name":"tests/a3_dot16_validation.rs","byte_start":3110,"byte_end":3142,"line_start":79,"line_end":79,"column_start":49,"column_end":81,"is_primary":false,"text":[{"text":"                if let Ok(Some(final_result)) = reduce.read_output(\"SCALAR_OUT\") {","highlight_start":49,"highlight_end":81}],"label":"this expression has type `Option<BusData>`","suggested_replacement":null,"suggestion_applicability":null,"expansion":null}],"children":[{"message":"expected enum `Option<BusData>`\n   found enum `Result<_, _>`","code":null,"level":"note","spans":[],"children":[],"rendered":null}],"rendered":"\u001b[0m\u001b[1m\u001b[38;5;9merror[E0308]\u001b[0m\u001b[0m\u001b[1m: mismatched types\u001b[0m\n\u001b[0m  \u001b[0m\u001b[0m\u001b[1m\u001b[38;5;12m--> \u001b[0m\u001b[0mtests/a3_dot16_validation.rs:79:24\u001b[0m\n\u001b[0m   \u001b[0m\u001b[0m\u001b[1m\u001b[38;5;12m|\u001b[0m\n\u001b[0m\u001b[1m\u001b[38;5;12m79\u001b[0m\u001b[0m \u001b[0m\u001b[0m\u001b[1m\u001b[38;5;12m|\u001b[0m\u001b[0m \u001b[0m\u001b[0m                if let Ok(Some(final_result)) = reduce.read_output(\"SCALAR_OUT\") {\u001b[0m\n\u001b[0m   \u001b[0m\u001b[0m\u001b[1m\u001b[38;5;12m|\u001b[0m\u001b[0m                        \u001b[0m\u001b[0m\u001b[1m\u001b[38;5;9m^^^^^^^^^^^^^^^^^^^^^^\u001b[0m\u001b[0m   \u001b[0m\u001b[0m\u001b[1m\u001b[38;5;12m--------------------------------\u001b[0m\u001b[0m \u001b[0m\u001b[0m\u001b[1m\u001b[38;5;12mthis expression has type `Option<BusData>`\u001b[0m\n\u001b[0m   \u001b[0m\u001b[0m\u001b[1m\u001b[38;5;12m|\u001b[0m\u001b[0m                        \u001b[0m\u001b[0m\u001b[1m\u001b[38;5;9m|\u001b[0m\n\u001b[0m   \u001b[0m\u001b[0m\u001b[1m\u001b[38;5;12m|\u001b[0m\u001b[0m                        \u001b[0m\u001b[0m\u001b[1m\u001b[38;5;9mexpected `Option<BusData>`, found `Result<_, _>`\u001b[0m\n\u001b[0m   \u001b[0m\u001b[0m\u001b[1m\u001b[38;5;12m|\u001b[0m\n\u001b[0m   \u001b[0m\u001b[0m\u001b[1m\u001b[38;5;12m= \u001b[0m\u001b[0m\u001b[1mnote\u001b[0m\u001b[0m: expected enum `\u001b[0m\u001b[0m\u001b[1m\u001b[35mOption<BusData>\u001b[0m\u001b[0m`\u001b[0m\n\u001b[0m              found enum `\u001b[0m\u001b[0m\u001b[1m\u001b[35mResult<_, _>\u001b[0m\u001b[0m`\u001b[0m\n\n"}
{"$message_type":"diagnostic","message":"this method takes 3 arguments but 2 arguments were supplied","code":{"code":"E0061","explanation":"An invalid number of arguments was passed when calling a function.\n\nErroneous code example:\n\n```compile_fail,E0061\nfn f(u: i32) {}\n\nf(); // error!\n```\n\nThe number of arguments passed to a function must match the number of arguments\nspecified in the function signature.\n\nFor example, a function like:\n\n```\nfn f(a: u16, b: &str) {}\n```\n\nMust always be called with exactly two arguments, e.g., `f(2, \"test\")`.\n\nNote that Rust does not have a notion of optional function arguments or\nvariadic functions (except for its C-FFI).\n"},"level":"error","spans":[{"file_name":"tests/a3_dot16_validation.rs","byte_start":8675,"byte_end":8682,"line_start":212,"line_end":212,"column_start":32,"column_end":39,"is_primary":false,"text":[{"text":"    assert!(vecmac.write_input(\"VEC_A\", BusData::VecI8(vec_a)).is_ok());","highlight_start":32,"highlight_end":39}],"label":"expected `u16`, found `&str`","suggested_replacement":null,"suggestion_applicability":null,"expansion":null},{"file_name":"tests/a3_dot16_validation.rs","byte_start":8674,"byte_end":8706,"line_start":212,"line_end":212,"column_start":31,"column_end":63,"is_primary":false,"text":[{"text":"    assert!(vecmac.write_input(\"VEC_A\", BusData::VecI8(vec_a)).is_ok());","highlight_start":31,"highlight_end":63}],"label":"argument #3 of type `u64` is missing","suggested_replacement":null,"suggestion_applicability":null,"expansion":null},{"file_name":"tests/a3_dot16_validation.rs","byte_start":8663,"byte_end":8674,"line_start":212,"line_end":212,"column_start":20,"column_end":31,"is_primary":true,"text":[{"text":"    assert!(vecmac.write_input(\"VEC_A\", BusData::VecI8(vec_a)).is_ok());","highlight_start":20,"highlight_end":31}],"label":null,"suggested_replacement":null,"suggestion_applicability":null,"expansion":null}],"children":[{"message":"method defined here","code":null,"level":"note","spans":[{"file_name":"/home/unknown/ai-time-traveler/rust_code/tta_simulator/src/tta/functional_unit.rs","byte_start":1889,"byte_end":1900,"line_start":71,"line_end":71,"column_start":8,"column_end":19,"is_primary":true,"text":[{"text":"    fn write_input(&mut self, port: u16, data: BusData, cycle: u64) -> FuEvent;","highlight_start":8,"highlight_end":19}],"label":null,"suggested_replacement":null,"suggestion_applicability":null,"expansion":null}],"children":[],"rendered":null},{"message":"provide the argument","code":null,"level":"help","spans":[{"file_name":"tests/a3_dot16_validation.rs","byte_start":8674,"byte_end":8706,"line_start":212,"line_end":212,"column_start":31,"column_end":63,"is_primary":true,"text":[{"text":"    assert!(vecmac.write_input(\"VEC_A\", BusData::VecI8(vec_a)).is_ok());","highlight_start":31,"highlight_end":63}],"label":null,"suggested_replacement":"(/* u16 */, BusData::VecI8(vec_a), /* u64 */)","suggestion_applicability":"HasPlaceholders","expansion":null}],"children":[],"rendered":null}],"rendered":"\u001b[0m\u001b[1m\u001b[38;5;9merror[E0061]\u001b[0m\u001b[0m\u001b[1m: this method takes 3 arguments but 2 arguments were supplied\u001b[0m\n\u001b[0m   \u001b[0m\u001b[0m\u001b[1m\u001b[38;5;12m--> \u001b[0m\u001b[0mtests/a3_dot16_validation.rs:212:20\u001b[0m\n\u001b[0m    \u001b[0m\u001b[0m\u001b[1m\u001b[38;5;12m|\u001b[0m\n\u001b[0m\u001b[1m\u001b[38;5;12m212\u001b[0m\u001b[0m \u001b[0m\u001b[0m\u001b[1m\u001b[38;5;12m|\u001b[0m\u001b[0m \u001b[0m\u001b[0m    assert!(vecmac.write_input(\"VEC_A\", BusData::VecI8(vec_a)).is_ok());\u001b[0m\n\u001b[0m    \u001b[0m\u001b[0m\u001b[1m\u001b[38;5;12m|\u001b[0m\u001b[0m                    \u001b[0m\u001b[0m\u001b[1m\u001b[38;5;9m^^^^^^^^^^^\u001b[0m\u001b[0m\u001b[1m\u001b[38;5;12m--------------------------------\u001b[0m\n\u001b[0m    \u001b[0m\u001b[0m\u001b[1m\u001b[38;5;12m|\u001b[0m\u001b[0m                               \u001b[0m\u001b[0m\u001b[1m\u001b[38;5;12m||\u001b[0m\n\u001b[0m    \u001b[0m\u001b[0m\u001b[1m\u001b[38;5;12m|\u001b[0m\u001b[0m                               \u001b[0m\u001b[0m\u001b[1m\u001b[38;5;12m|\u001b[0m\u001b[0m\u001b[1m\u001b[38;5;12mexpected `u16`, found `&str`\u001b[0m\n\u001b[0m    \u001b[0m\u001b[0m\u001b[1m\u001b[38;5;12m|\u001b[0m\u001b[0m                               \u001b[0m\u001b[0m\u001b[1m\u001b[38;5;12margument #3 of type `u64` is missing\u001b[0m\n\u001b[0m    \u001b[0m\u001b[0m\u001b[1m\u001b[38;5;12m|\u001b[0m\n\u001b[0m\u001b[1m\u001b[38;5;10mnote\u001b[0m\u001b[0m: method defined here\u001b[0m\n\u001b[0m   \u001b[0m\u001b[0m\u001b[1m\u001b[38;5;12m--> \u001b[0m\u001b[0m/home/unknown/ai-time-traveler/rust_code/tta_simulator/src/tta/functional_unit.rs:71:8\u001b[0m\n\u001b[0m    \u001b[0m\u001b[0m\u001b[1m\u001b[38;5;12m|\u001b[0m\n\u001b[0m\u001b[1m\u001b[38;5;12m71\u001b[0m\u001b[0m  \u001b[0m\u001b[0m\u001b[1m\u001b[38;5;12m|\u001b[0m\u001b[0m \u001b[0m\u001b[0m    fn write_input(&mut self, port: u16, data: BusData, cycle: u64) -> FuEvent;\u001b[0m\n\u001b[0m    \u001b[0m\u001b[0m\u001b[1m\u001b[38;5;12m|\u001b[0m\u001b[0m        \u001b[0m\u001b[0m\u001b[1m\u001b[38;5;10m^^^^^^^^^^^\u001b[0m\n\u001b[0m\u001b[1m\u001b[38;5;14mhelp\u001b[0m\u001b[0m: provide the argument\u001b[0m\n\u001b[0m    \u001b[0m\u001b[0m\u001b[1m\u001b[38;5;12m|\u001b[0m\n\u001b[0m\u001b[1m\u001b[38;5;12m212\u001b[0m\u001b[0m \u001b[0m\u001b[0m\u001b[38;5;9m- \u001b[0m\u001b[0m    assert!(vecmac.write_input\u001b[0m\u001b[0m\u001b[38;5;9m(\"VEC_A\", BusData::VecI8(vec_a))\u001b[0m\u001b[0m.is_ok());\u001b[0m\n\u001b[0m\u001b[1m\u001b[38;5;12m212\u001b[0m\u001b[0m \u001b[0m\u001b[0m\u001b[38;5;10m+ \u001b[0m\u001b[0m    assert!(vecmac.write_input\u001b[0m\u001b[0m\u001b[38;5;10m(/* u16 */, BusData::VecI8(vec_a), /* u64 */)\u001b[0m\u001b[0m.is_ok());\u001b[0m\n\u001b[0m    \u001b[0m\u001b[0m\u001b[1m\u001b[38;5;12m|\u001b[0m\n\n"}
{"$message_type":"diagnostic","message":"no method named `is_ok` found for enum `FuEvent` in the current scope","code":{"code":"E0599","explanation":"This error occurs when a method is used on a type which doesn't implement it:\n\nErroneous code example:\n\n```compile_fail,E0599\nstruct Mouth;\n\nlet x = Mouth;\nx.chocolate(); // error: no method named `chocolate` found for type `Mouth`\n               //        in the current scope\n```\n\nIn this case, you need to implement the `chocolate` method to fix the error:\n\n```\nstruct Mouth;\n\nimpl Mouth {\n    fn chocolate(&self) { // We implement the `chocolate` method here.\n        println!(\"Hmmm! I love chocolate!\");\n    }\n}\n\nlet x = Mouth;\nx.chocolate(); // ok!\n```\n"},"level":"error","spans":[{"file_name":"tests/a3_dot16_validation.rs","byte_start":8707,"byte_end":8712,"line_start":212,"line_end":212,"column_start":64,"column_end":69,"is_primary":true,"text":[{"text":"    assert!(vecmac.write_input(\"VEC_A\", BusData::VecI8(vec_a)).is_ok());","highlight_start":64,"highlight_end":69}],"label":"method not found in `FuEvent`","suggested_replacement":null,"suggestion_applicability":null,"expansion":null}],"children":[],"rendered":"\u001b[0m\u001b[1m\u001b[38;5;9merror[E0599]\u001b[0m\u001b[0m\u001b[1m: no method named `is_ok` found for enum `FuEvent` in the current scope\u001b[0m\n\u001b[0m   \u001b[0m\u001b[0m\u001b[1m\u001b[38;5;12m--> \u001b[0m\u001b[0mtests/a3_dot16_validation.rs:212:64\u001b[0m\n\u001b[0m    \u001b[0m\u001b[0m\u001b[1m\u001b[38;5;12m|\u001b[0m\n\u001b[0m\u001b[1m\u001b[38;5;12m212\u001b[0m\u001b[0m \u001b[0m\u001b[0m\u001b[1m\u001b[38;5;12m|\u001b[0m\u001b[0m \u001b[0m\u001b[0m    assert!(vecmac.write_input(\"VEC_A\", BusData::VecI8(vec_a)).is_ok());\u001b[0m\n\u001b[0m    \u001b[0m\u001b[0m\u001b[1m\u001b[38;5;12m|\u001b[0m\u001b[0m                                                                \u001b[0m\u001b[0m\u001b[1m\u001b[38;5;9m^^^^^\u001b[0m\u001b[0m \u001b[0m\u001b[0m\u001b[1m\u001b[38;5;9mmethod not found in `FuEvent`\u001b[0m\n\n"}
{"$message_type":"diagnostic","message":"this method takes 3 arguments but 2 arguments were supplied","code":{"code":"E0061","explanation":"An invalid number of arguments was passed when calling a function.\n\nErroneous code example:\n\n```compile_fail,E0061\nfn f(u: i32) {}\n\nf(); // error!\n```\n\nThe number of arguments passed to a function must match the number of arguments\nspecified in the function signature.\n\nFor example, a function like:\n\n```\nfn f(a: u16, b: &str) {}\n```\n\nMust always be called with exactly two arguments, e.g., `f(2, \"test\")`.\n\nNote that Rust does not have a notion of optional function arguments or\nvariadic functions (except for its C-FFI).\n"},"level":"error","spans":[{"file_name":"tests/a3_dot16_validation.rs","byte_start":8748,"byte_end":8755,"line_start":213,"line_end":213,"column_start":32,"column_end":39,"is_primary":false,"text":[{"text":"    assert!(vecmac.write_input(\"VEC_B\", BusData::VecI8(vec_b)).is_ok());","highlight_start":32,"highlight_end":39}],"label":"expected `u16`, found `&str`","suggested_replacement":null,"suggestion_applicability":null,"expansion":null},{"file_name":"tests/a3_dot16_validation.rs","byte_start":8747,"byte_end":8779,"line_start":213,"line_end":213,"column_start":31,"column_end":63,"is_primary":false,"text":[{"text":"    assert!(vecmac.write_input(\"VEC_B\", BusData::VecI8(vec_b)).is_ok());","highlight_start":31,"highlight_end":63}],"label":"argument #3 of type `u64` is missing","suggested_replacement":null,"suggestion_applicability":null,"expansion":null},{"file_name":"tests/a3_dot16_validation.rs","byte_start":8736,"byte_end":8747,"line_start":213,"line_end":213,"column_start":20,"column_end":31,"is_primary":true,"text":[{"text":"    assert!(vecmac.write_input(\"VEC_B\", BusData::VecI8(vec_b)).is_ok());","highlight_start":20,"highlight_end":31}],"label":null,"suggested_replacement":null,"suggestion_applicability":null,"expansion":null}],"children":[{"message":"method defined here","code":null,"level":"note","spans":[{"file_name":"/home/unknown/ai-time-traveler/rust_code/tta_simulator/src/tta/functional_unit.rs","byte_start":1889,"byte_end":1900,"line_start":71,"line_end":71,"column_start":8,"column_end":19,"is_primary":true,"text":[{"text":"    fn write_input(&mut self, port: u16, data: BusData, cycle: u64) -> FuEvent;","highlight_start":8,"highlight_end":19}],"label":null,"suggested_replacement":null,"suggestion_applicability":null,"expansion":null}],"children":[],"rendered":null},{"message":"provide the argument","code":null,"level":"help","spans":[{"file_name":"tests/a3_dot16_validation.rs","byte_start":8747,"byte_end":8779,"line_start":213,"line_end":213,"column_start":31,"column_end":63,"is_primary":true,"text":[{"text":"    assert!(vecmac.write_input(\"VEC_B\", BusData::VecI8(vec_b)).is_ok());","highlight_start":31,"highlight_end":63}],"label":null,"suggested_replacement":"(/* u16 */, BusData::VecI8(vec_b), /* u64 */)","suggestion_applicability":"HasPlaceholders","expansion":null}],"children":[],"rendered":null}],"rendered":"\u001b[0m\u001b[1m\u001b[38;5;9merror[E0061]\u001b[0m\u001b[0m\u001b[1m: this method takes 3 arguments but 2 arguments were supplied\u001b[0m\n\u001b[0m   \u001b[0m\u001b[0m\u001b[1m\u001b[38;5;12m--> \u001b[0m\u001b[0mtests/a3_dot16_validation.rs:213:20\u001b[0m\n\u001b[0m    \u001b[0m\u001b[0m\u001b[1m\u001b[38;5;12m|\u001b[0m\n\u001b[0m\u001b[1m\u001b[38;5;12m213\u001b[0m\u001b[0m \u001b[0m\u001b[0m\u001b[1m\u001b[38;5;12m|\u001b[0m\u001b[0m \u001b[0m\u001b[0m    assert!(vecmac.write_input(\"VEC_B\", BusData::VecI8(vec_b)).is_ok());\u001b[0m\n\u001b[0m    \u001b[0m\u001b[0m\u001b[1m\u001b[38;5;12m|\u001b[0m\u001b[0m                    \u001b[0m\u001b[0m\u001b[1m\u001b[38;5;9m^^^^^^^^^^^\u001b[0m\u001b[0m\u001b[1m\u001b[38;5;12m--------------------------------\u001b[0m\n\u001b[0m    \u001b[0m\u001b[0m\u001b[1m\u001b[38;5;12m|\u001b[0m\u001b[0m                               \u001b[0m\u001b[0m\u001b[1m\u001b[38;5;12m||\u001b[0m\n\u001b[0m    \u001b[0m\u001b[0m\u001b[1m\u001b[38;5;12m|\u001b[0m\u001b[0m                               \u001b[0m\u001b[0m\u001b[1m\u001b[38;5;12m|\u001b[0m\u001b[0m\u001b[1m\u001b[38;5;12mexpected `u16`, found `&str`\u001b[0m\n\u001b[0m    \u001b[0m\u001b[0m\u001b[1m\u001b[38;5;12m|\u001b[0m\u001b[0m                               \u001b[0m\u001b[0m\u001b[1m\u001b[38;5;12margument #3 of type `u64` is missing\u001b[0m\n\u001b[0m    \u001b[0m\u001b[0m\u001b[1m\u001b[38;5;12m|\u001b[0m\n\u001b[0m\u001b[1m\u001b[38;5;10mnote\u001b[0m\u001b[0m: method defined here\u001b[0m\n\u001b[0m   \u001b[0m\u001b[0m\u001b[1m\u001b[38;5;12m--> \u001b[0m\u001b[0m/home/unknown/ai-time-traveler/rust_code/tta_simulator/src/tta/functional_unit.rs:71:8\u001b[0m\n\u001b[0m    \u001b[0m\u001b[0m\u001b[1m\u001b[38;5;12m|\u001b[0m\n\u001b[0m\u001b[1m\u001b[38;5;12m71\u001b[0m\u001b[0m  \u001b[0m\u001b[0m\u001b[1m\u001b[38;5;12m|\u001b[0m\u001b[0m \u001b[0m\u001b[0m    fn write_input(&mut self, port: u16, data: BusData, cycle: u64) -> FuEvent;\u001b[0m\n\u001b[0m    \u001b[0m\u001b[0m\u001b[1m\u001b[38;5;12m|\u001b[0m\u001b[0m        \u001b[0m\u001b[0m\u001b[1m\u001b[38;5;10m^^^^^^^^^^^\u001b[0m\n\u001b[0m\u001b[1m\u001b[38;5;14mhelp\u001b[0m\u001b[0m: provide the argument\u001b[0m\n\u001b[0m    \u001b[0m\u001b[0m\u001b[1m\u001b[38;5;12m|\u001b[0m\n\u001b[0m\u001b[1m\u001b[38;5;12m213\u001b[0m\u001b[0m \u001b[0m\u001b[0m\u001b[38;5;9m- \u001b[0m\u001b[0m    assert!(vecmac.write_input\u001b[0m\u001b[0m\u001b[38;5;9m(\"VEC_B\", BusData::VecI8(vec_b))\u001b[0m\u001b[0m.is_ok());\u001b[0m\n\u001b[0m\u001b[1m\u001b[38;5;12m213\u001b[0m\u001b[0m \u001b[0m\u001b[0m\u001b[38;5;10m+ \u001b[0m\u001b[0m    assert!(vecmac.write_input\u001b[0m\u001b[0m\u001b[38;5;10m(/* u16 */, BusData::VecI8(vec_b), /* u64 */)\u001b[0m\u001b[0m.is_ok());\u001b[0m\n\u001b[0m    \u001b[0m\u001b[0m\u001b[1m\u001b[38;5;12m|\u001b[0m\n\n"}
{"$message_type":"diagnostic","message":"no method named `is_ok` found for enum `FuEvent` in the current scope","code":{"code":"E0599","explanation":"This error occurs when a method is used on a type which doesn't implement it:\n\nErroneous code example:\n\n```compile_fail,E0599\nstruct Mouth;\n\nlet x = Mouth;\nx.chocolate(); // error: no method named `chocolate` found for type `Mouth`\n               //        in the current scope\n```\n\nIn this case, you need to implement the `chocolate` method to fix the error:\n\n```\nstruct Mouth;\n\nimpl Mouth {\n    fn chocolate(&self) { // We implement the `chocolate` method here.\n        println!(\"Hmmm! I love chocolate!\");\n    }\n}\n\nlet x = Mouth;\nx.chocolate(); // ok!\n```\n"},"level":"error","spans":[{"file_name":"tests/a3_dot16_validation.rs","byte_start":8780,"byte_end":8785,"line_start":213,"line_end":213,"column_start":64,"column_end":69,"is_primary":true,"text":[{"text":"    assert!(vecmac.write_input(\"VEC_B\", BusData::VecI8(vec_b)).is_ok());","highlight_start":64,"highlight_end":69}],"label":"method not found in `FuEvent`","suggested_replacement":null,"suggestion_applicability":null,"expansion":null}],"children":[],"rendered":"\u001b[0m\u001b[1m\u001b[38;5;9merror[E0599]\u001b[0m\u001b[0m\u001b[1m: no method named `is_ok` found for enum `FuEvent` in the current scope\u001b[0m\n\u001b[0m   \u001b[0m\u001b[0m\u001b[1m\u001b[38;5;12m--> \u001b[0m\u001b[0mtests/a3_dot16_validation.rs:213:64\u001b[0m\n\u001b[0m    \u001b[0m\u001b[0m\u001b[1m\u001b[38;5;12m|\u001b[0m\n\u001b[0m\u001b[1m\u001b[38;5;12m213\u001b[0m\u001b[0m \u001b[0m\u001b[0m\u001b[1m\u001b[38;5;12m|\u001b[0m\u001b[0m \u001b[0m\u001b[0m    assert!(vecmac.write_input(\"VEC_B\", BusData::VecI8(vec_b)).is_ok());\u001b[0m\n\u001b[0m    \u001b[0m\u001b[0m\u001b[1m\u001b[38;5;12m|\u001b[0m\u001b[0m                                                                \u001b[0m\u001b[0m\u001b[1m\u001b[38;5;9m^^^^^\u001b[0m\u001b[0m \u001b[0m\u001b[0m\u001b[1m\u001b[38;5;9mmethod not found in `FuEvent`\u001b[0m\n\n"}
{"$message_type":"diagnostic","message":"this method takes 3 arguments but 2 arguments were supplied","code":{"code":"E0061","explanation":"An invalid number of arguments was passed when calling a function.\n\nErroneous code example:\n\n```compile_fail,E0061\nfn f(u: i32) {}\n\nf(); // error!\n```\n\nThe number of arguments passed to a function must match the number of arguments\nspecified in the function signature.\n\nFor example, a function like:\n\n```\nfn f(a: u16, b: &str) {}\n```\n\nMust always be called with exactly two arguments, e.g., `f(2, \"test\")`.\n\nNote that Rust does not have a notion of optional function arguments or\nvariadic functions (except for its C-FFI).\n"},"level":"error","spans":[{"file_name":"tests/a3_dot16_validation.rs","byte_start":9812,"byte_end":9820,"line_start":244,"line_end":244,"column_start":32,"column_end":40,"is_primary":false,"text":[{"text":"    assert!(reduce.write_input(\"VEC_IN\", BusData::VecI8(vec_data)).is_ok());","highlight_start":32,"highlight_end":40}],"label":"expected `u16`, found `&str`","suggested_replacement":null,"suggestion_applicability":null,"expansion":null},{"file_name":"tests/a3_dot16_validation.rs","byte_start":9811,"byte_end":9847,"line_start":244,"line_end":244,"column_start":31,"column_end":67,"is_primary":false,"text":[{"text":"    assert!(reduce.write_input(\"VEC_IN\", BusData::VecI8(vec_data)).is_ok());","highlight_start":31,"highlight_end":67}],"label":"argument #3 of type `u64` is missing","suggested_replacement":null,"suggestion_applicability":null,"expansion":null},{"file_name":"tests/a3_dot16_validation.rs","byte_start":9800,"byte_end":9811,"line_start":244,"line_end":244,"column_start":20,"column_end":31,"is_primary":true,"text":[{"text":"    assert!(reduce.write_input(\"VEC_IN\", BusData::VecI8(vec_data)).is_ok());","highlight_start":20,"highlight_end":31}],"label":null,"suggested_replacement":null,"suggestion_applicability":null,"expansion":null}],"children":[{"message":"method defined here","code":null,"level":"note","spans":[{"file_name":"/home/unknown/ai-time-traveler/rust_code/tta_simulator/src/tta/functional_unit.rs","byte_start":1889,"byte_end":1900,"line_start":71,"line_end":71,"column_start":8,"column_end":19,"is_primary":true,"text":[{"text":"    fn write_input(&mut self, port: u16, data: BusData, cycle: u64) -> FuEvent;","highlight_start":8,"highlight_end":19}],"label":null,"suggested_replacement":null,"suggestion_applicability":null,"expansion":null}],"children":[],"rendered":null},{"message":"provide the argument","code":null,"level":"help","spans":[{"file_name":"tests/a3_dot16_validation.rs","byte_start":9811,"byte_end":9847,"line_start":244,"line_end":244,"column_start":31,"column_end":67,"is_primary":true,"text":[{"text":"    assert!(reduce.write_input(\"VEC_IN\", BusData::VecI8(vec_data)).is_ok());","highlight_start":31,"highlight_end":67}],"label":null,"suggested_replacement":"(/* u16 */, BusData::VecI8(vec_data), /* u64 */)","suggestion_applicability":"HasPlaceholders","expansion":null}],"children":[],"rendered":null}],"rendered":"\u001b[0m\u001b[1m\u001b[38;5;9merror[E0061]\u001b[0m\u001b[0m\u001b[1m: this method takes 3 arguments but 2 arguments were supplied\u001b[0m\n\u001b[0m   \u001b[0m\u001b[0m\u001b[1m\u001b[38;5;12m--> \u001b[0m\u001b[0mtests/a3_dot16_validation.rs:244:20\u001b[0m\n\u001b[0m    \u001b[0m\u001b[0m\u001b[1m\u001b[38;5;12m|\u001b[0m\n\u001b[0m\u001b[1m\u001b[38;5;12m244\u001b[0m\u001b[0m \u001b[0m\u001b[0m\u001b[1m\u001b[38;5;12m|\u001b[0m\u001b[0m \u001b[0m\u001b[0m    assert!(reduce.write_input(\"VEC_IN\", BusData::VecI8(vec_data)).is_ok());\u001b[0m\n\u001b[0m    \u001b[0m\u001b[0m\u001b[1m\u001b[38;5;12m|\u001b[0m\u001b[0m                    \u001b[0m\u001b[0m\u001b[1m\u001b[38;5;9m^^^^^^^^^^^\u001b[0m\u001b[0m\u001b[1m\u001b[38;5;12m------------------------------------\u001b[0m\n\u001b[0m    \u001b[0m\u001b[0m\u001b[1m\u001b[38;5;12m|\u001b[0m\u001b[0m                               \u001b[0m\u001b[0m\u001b[1m\u001b[38;5;12m||\u001b[0m\n\u001b[0m    \u001b[0m\u001b[0m\u001b[1m\u001b[38;5;12m|\u001b[0m\u001b[0m                               \u001b[0m\u001b[0m\u001b[1m\u001b[38;5;12m|\u001b[0m\u001b[0m\u001b[1m\u001b[38;5;12mexpected `u16`, found `&str`\u001b[0m\n\u001b[0m    \u001b[0m\u001b[0m\u001b[1m\u001b[38;5;12m|\u001b[0m\u001b[0m                               \u001b[0m\u001b[0m\u001b[1m\u001b[38;5;12margument #3 of type `u64` is missing\u001b[0m\n\u001b[0m    \u001b[0m\u001b[0m\u001b[1m\u001b[38;5;12m|\u001b[0m\n\u001b[0m\u001b[1m\u001b[38;5;10mnote\u001b[0m\u001b[0m: method defined here\u001b[0m\n\u001b[0m   \u001b[0m\u001b[0m\u001b[1m\u001b[38;5;12m--> \u001b[0m\u001b[0m/home/unknown/ai-time-traveler/rust_code/tta_simulator/src/tta/functional_unit.rs:71:8\u001b[0m\n\u001b[0m    \u001b[0m\u001b[0m\u001b[1m\u001b[38;5;12m|\u001b[0m\n\u001b[0m\u001b[1m\u001b[38;5;12m71\u001b[0m\u001b[0m  \u001b[0m\u001b[0m\u001b[1m\u001b[38;5;12m|\u001b[0m\u001b[0m \u001b[0m\u001b[0m    fn write_input(&mut self, port: u16, data: BusData, cycle: u64) -> FuEvent;\u001b[0m\n\u001b[0m    \u001b[0m\u001b[0m\u001b[1m\u001b[38;5;12m|\u001b[0m\u001b[0m        \u001b[0m\u001b[0m\u001b[1m\u001b[38;5;10m^^^^^^^^^^^\u001b[0m\n\u001b[0m\u001b[1m\u001b[38;5;14mhelp\u001b[0m\u001b[0m: provide the argument\u001b[0m\n\u001b[0m    \u001b[0m\u001b[0m\u001b[1m\u001b[38;5;12m|\u001b[0m\n\u001b[0m\u001b[1m\u001b[38;5;12m244\u001b[0m\u001b[0m \u001b[0m\u001b[0m\u001b[38;5;9m- \u001b[0m\u001b[0m    assert!(reduce.write_input\u001b[0m\u001b[0m\u001b[38;5;9m(\"VEC_IN\", BusData::VecI8(vec_data))\u001b[0m\u001b[0m.is_ok());\u001b[0m\n\u001b[0m\u001b[1m\u001b[38;5;12m244\u001b[0m\u001b[0m \u001b[0m\u001b[0m\u001b[38;5;10m+ \u001b[0m\u001b[0m    assert!(reduce.write_input\u001b[0m\u001b[0m\u001b[38;5;10m(/* u16 */, BusData::VecI8(vec_data), /* u64 */)\u001b[0m\u001b[0m.is_ok());\u001b[0m\n\u001b[0m    \u001b[0m\u001b[0m\u001b[1m\u001b[38;5;12m|\u001b[0m\n\n"}
{"$message_type":"diagnostic","message":"no method named `is_ok` found for enum `FuEvent` in the current scope","code":{"code":"E0599","explanation":"This error occurs when a method is used on a type which doesn't implement it:\n\nErroneous code example:\n\n```compile_fail,E0599\nstruct Mouth;\n\nlet x = Mouth;\nx.chocolate(); // error: no method named `chocolate` found for type `Mouth`\n               //        in the current scope\n```\n\nIn this case, you need to implement the `chocolate` method to fix the error:\n\n```\nstruct Mouth;\n\nimpl Mouth {\n    fn chocolate(&self) { // We implement the `chocolate` method here.\n        println!(\"Hmmm! I love chocolate!\");\n    }\n}\n\nlet x = Mouth;\nx.chocolate(); // ok!\n```\n"},"level":"error","spans":[{"file_name":"tests/a3_dot16_validation.rs","byte_start":9848,"byte_end":9853,"line_start":244,"line_end":244,"column_start":68,"column_end":73,"is_primary":true,"text":[{"text":"    assert!(reduce.write_input(\"VEC_IN\", BusData::VecI8(vec_data)).is_ok());","highlight_start":68,"highlight_end":73}],"label":"method not found in `FuEvent`","suggested_replacement":null,"suggestion_applicability":null,"expansion":null}],"children":[],"rendered":"\u001b[0m\u001b[1m\u001b[38;5;9merror[E0599]\u001b[0m\u001b[0m\u001b[1m: no method named `is_ok` found for enum `FuEvent` in the current scope\u001b[0m\n\u001b[0m   \u001b[0m\u001b[0m\u001b[1m\u001b[38;5;12m--> \u001b[0m\u001b[0mtests/a3_dot16_validation.rs:244:68\u001b[0m\n\u001b[0m    \u001b[0m\u001b[0m\u001b[1m\u001b[38;5;12m|\u001b[0m\n\u001b[0m\u001b[1m\u001b[38;5;12m244\u001b[0m\u001b[0m \u001b[0m\u001b[0m\u001b[1m\u001b[38;5;12m|\u001b[0m\u001b[0m \u001b[0m\u001b[0m    assert!(reduce.write_input(\"VEC_IN\", BusData::VecI8(vec_data)).is_ok());\u001b[0m\n\u001b[0m    \u001b[0m\u001b[0m\u001b[1m\u001b[38;5;12m|\u001b[0m\u001b[0m                                                                    \u001b[0m\u001b[0m\u001b[1m\u001b[38;5;9m^^^^^\u001b[0m\u001b[0m \u001b[0m\u001b[0m\u001b[1m\u001b[38;5;9mmethod not found in `FuEvent`\u001b[0m\n\n"}
{"$message_type":"diagnostic","message":"this method takes 3 arguments but 2 arguments were supplied","code":{"code":"E0061","explanation":"An invalid number of arguments was passed when calling a function.\n\nErroneous code example:\n\n```compile_fail,E0061\nfn f(u: i32) {}\n\nf(); // error!\n```\n\nThe number of arguments passed to a function must match the number of arguments\nspecified in the function signature.\n\nFor example, a function like:\n\n```\nfn f(a: u16, b: &str) {}\n```\n\nMust always be called with exactly two arguments, e.g., `f(2, \"test\")`.\n\nNote that Rust does not have a notion of optional function arguments or\nvariadic functions (except for its C-FFI).\n"},"level":"error","spans":[{"file_name":"tests/a3_dot16_validation.rs","byte_start":9889,"byte_end":9895,"line_start":245,"line_end":245,"column_start":32,"column_end":38,"is_primary":false,"text":[{"text":"    assert!(reduce.write_input(\"MODE\", BusData::I32(0)).is_ok()); // Sum mode","highlight_start":32,"highlight_end":38}],"label":"expected `u16`, found `&str`","suggested_replacement":null,"suggestion_applicability":null,"expansion":null},{"file_name":"tests/a3_dot16_validation.rs","byte_start":9888,"byte_end":9913,"line_start":245,"line_end":245,"column_start":31,"column_end":56,"is_primary":false,"text":[{"text":"    assert!(reduce.write_input(\"MODE\", BusData::I32(0)).is_ok()); // Sum mode","highlight_start":31,"highlight_end":56}],"label":"argument #3 of type `u64` is missing","suggested_replacement":null,"suggestion_applicability":null,"expansion":null},{"file_name":"tests/a3_dot16_validation.rs","byte_start":9877,"byte_end":9888,"line_start":245,"line_end":245,"column_start":20,"column_end":31,"is_primary":true,"text":[{"text":"    assert!(reduce.write_input(\"MODE\", BusData::I32(0)).is_ok()); // Sum mode","highlight_start":20,"highlight_end":31}],"label":null,"suggested_replacement":null,"suggestion_applicability":null,"expansion":null}],"children":[{"message":"method defined here","code":null,"level":"note","spans":[{"file_name":"/home/unknown/ai-time-traveler/rust_code/tta_simulator/src/tta/functional_unit.rs","byte_start":1889,"byte_end":1900,"line_start":71,"line_end":71,"column_start":8,"column_end":19,"is_primary":true,"text":[{"text":"    fn write_input(&mut self, port: u16, data: BusData, cycle: u64) -> FuEvent;","highlight_start":8,"highlight_end":19}],"label":null,"suggested_replacement":null,"suggestion_applicability":null,"expansion":null}],"children":[],"rendered":null},{"message":"provide the argument","code":null,"level":"help","spans":[{"file_name":"tests/a3_dot16_validation.rs","byte_start":9888,"byte_end":9913,"line_start":245,"line_end":245,"column_start":31,"column_end":56,"is_primary":true,"text":[{"text":"    assert!(reduce.write_input(\"MODE\", BusData::I32(0)).is_ok()); // Sum mode","highlight_start":31,"highlight_end":56}],"label":null,"suggested_replacement":"(/* u16 */, BusData::I32(0), /* u64 */)","suggestion_applicability":"HasPlaceholders","expansion":null}],"children":[],"rendered":null}],"rendered":"\u001b[0m\u001b[1m\u001b[38;5;9merror[E0061]\u001b[0m\u001b[0m\u001b[1m: this method takes 3 arguments but 2 arguments were supplied\u001b[0m\n\u001b[0m   \u001b[0m\u001b[0m\u001b[1m\u001b[38;5;12m--> \u001b[0m\u001b[0mtests/a3_dot16_validation.rs:245:20\u001b[0m\n\u001b[0m    \u001b[0m\u001b[0m\u001b[1m\u001b[38;5;12m|\u001b[0m\n\u001b[0m\u001b[1m\u001b[38;5;12m245\u001b[0m\u001b[0m \u001b[0m\u001b[0m\u001b[1m\u001b[38;5;12m|\u001b[0m\u001b[0m \u001b[0m\u001b[0m    assert!(reduce.write_input(\"MODE\", BusData::I32(0)).is_ok()); // Sum mode\u001b[0m\n\u001b[0m    \u001b[0m\u001b[0m\u001b[1m\u001b[38;5;12m|\u001b[0m\u001b[0m                    \u001b[0m\u001b[0m\u001b[1m\u001b[38;5;9m^^^^^^^^^^^\u001b[0m\u001b[0m\u001b[1m\u001b[38;5;12m-------------------------\u001b[0m\n\u001b[0m    \u001b[0m\u001b[0m\u001b[1m\u001b[38;5;12m|\u001b[0m\u001b[0m                               \u001b[0m\u001b[0m\u001b[1m\u001b[38;5;12m||\u001b[0m\n\u001b[0m    \u001b[0m\u001b[0m\u001b[1m\u001b[38;5;12m|\u001b[0m\u001b[0m                               \u001b[0m\u001b[0m\u001b[1m\u001b[38;5;12m|\u001b[0m\u001b[0m\u001b[1m\u001b[38;5;12mexpected `u16`, found `&str`\u001b[0m\n\u001b[0m    \u001b[0m\u001b[0m\u001b[1m\u001b[38;5;12m|\u001b[0m\u001b[0m                               \u001b[0m\u001b[0m\u001b[1m\u001b[38;5;12margument #3 of type `u64` is missing\u001b[0m\n\u001b[0m    \u001b[0m\u001b[0m\u001b[1m\u001b[38;5;12m|\u001b[0m\n\u001b[0m\u001b[1m\u001b[38;5;10mnote\u001b[0m\u001b[0m: method defined here\u001b[0m\n\u001b[0m   \u001b[0m\u001b[0m\u001b[1m\u001b[38;5;12m--> \u001b[0m\u001b[0m/home/unknown/ai-time-traveler/rust_code/tta_simulator/src/tta/functional_unit.rs:71:8\u001b[0m\n\u001b[0m    \u001b[0m\u001b[0m\u001b[1m\u001b[38;5;12m|\u001b[0m\n\u001b[0m\u001b[1m\u001b[38;5;12m71\u001b[0m\u001b[0m  \u001b[0m\u001b[0m\u001b[1m\u001b[38;5;12m|\u001b[0m\u001b[0m \u001b[0m\u001b[0m    fn write_input(&mut self, port: u16, data: BusData, cycle: u64) -> FuEvent;\u001b[0m\n\u001b[0m    \u001b[0m\u001b[0m\u001b[1m\u001b[38;5;12m|\u001b[0m\u001b[0m        \u001b[0m\u001b[0m\u001b[1m\u001b[38;5;10m^^^^^^^^^^^\u001b[0m\n\u001b[0m\u001b[1m\u001b[38;5;14mhelp\u001b[0m\u001b[0m: provide the argument\u001b[0m\n\u001b[0m    \u001b[0m\u001b[0m\u001b[1m\u001b[38;5;12m|\u001b[0m\n\u001b[0m\u001b[1m\u001b[38;5;12m245\u001b[0m\u001b[0m \u001b[0m\u001b[0m\u001b[38;5;9m- \u001b[0m\u001b[0m    assert!(reduce.write_input\u001b[0m\u001b[0m\u001b[38;5;9m(\"MODE\", BusData::I32(0))\u001b[0m\u001b[0m.is_ok()); // Sum mode\u001b[0m\n\u001b[0m\u001b[1m\u001b[38;5;12m245\u001b[0m\u001b[0m \u001b[0m\u001b[0m\u001b[38;5;10m+ \u001b[0m\u001b[0m    assert!(reduce.write_input\u001b[0m\u001b[0m\u001b[38;5;10m(/* u16 */, BusData::I32(0), /* u64 */)\u001b[0m\u001b[0m.is_ok()); // Sum mode\u001b[0m\n\u001b[0m    \u001b[0m\u001b[0m\u001b[1m\u001b[38;5;12m|\u001b[0m\n\n"}
{"$message_type":"diagnostic","message":"no method named `is_ok` found for enum `FuEvent` in the current scope","code":{"code":"E0599","explanation":"This error occurs when a method is used on a type which doesn't implement it:\n\nErroneous code example:\n\n```compile_fail,E0599\nstruct Mouth;\n\nlet x = Mouth;\nx.chocolate(); // error: no method named `chocolate` found for type `Mouth`\n               //        in the current scope\n```\n\nIn this case, you need to implement the `chocolate` method to fix the error:\n\n```\nstruct Mouth;\n\nimpl Mouth {\n    fn chocolate(&self) { // We implement the `chocolate` method here.\n        println!(\"Hmmm! I love chocolate!\");\n    }\n}\n\nlet x = Mouth;\nx.chocolate(); // ok!\n```\n"},"level":"error","spans":[{"file_name":"tests/a3_dot16_validation.rs","byte_start":9914,"byte_end":9919,"line_start":245,"line_end":245,"column_start":57,"column_end":62,"is_primary":true,"text":[{"text":"    assert!(reduce.write_input(\"MODE\", BusData::I32(0)).is_ok()); // Sum mode","highlight_start":57,"highlight_end":62}],"label":"method not found in `FuEvent`","suggested_replacement":null,"suggestion_applicability":null,"expansion":null}],"children":[],"rendered":"\u001b[0m\u001b[1m\u001b[38;5;9merror[E0599]\u001b[0m\u001b[0m\u001b[1m: no method named `is_ok` found for enum `FuEvent` in the current scope\u001b[0m\n\u001b[0m   \u001b[0m\u001b[0m\u001b[1m\u001b[38;5;12m--> \u001b[0m\u001b[0mtests/a3_dot16_validation.rs:245:57\u001b[0m\n\u001b[0m    \u001b[0m\u001b[0m\u001b[1m\u001b[38;5;12m|\u001b[0m\n\u001b[0m\u001b[1m\u001b[38;5;12m245\u001b[0m\u001b[0m \u001b[0m\u001b[0m\u001b[1m\u001b[38;5;12m|\u001b[0m\u001b[0m \u001b[0m\u001b[0m    assert!(reduce.write_input(\"MODE\", BusData::I32(0)).is_ok()); // Sum mode\u001b[0m\n\u001b[0m    \u001b[0m\u001b[0m\u001b[1m\u001b[38;5;12m|\u001b[0m\u001b[0m                                                         \u001b[0m\u001b[0m\u001b[1m\u001b[38;5;9m^^^^^\u001b[0m\u001b[0m \u001b[0m\u001b[0m\u001b[1m\u001b[38;5;9mmethod not found in `FuEvent`\u001b[0m\n\n"}
{"$message_type":"diagnostic","message":"aborting due to 20 previous errors; 1 warning emitted","code":null,"level":"error","spans":[],"children":[],"rendered":"\u001b[0m\u001b[1m\u001b[38;5;9merror\u001b[0m\u001b[0m\u001b[1m: aborting due to 20 previous errors; 1 warning emitted\u001b[0m\n\n"}
{"$message_type":"diagnostic","message":"Some errors have detailed explanations: E0061, E0308, E0599.","code":null,"level":"failure-note","spans":[],"children":[],"rendered":"\u001b[0m\u001b[1mSome errors have detailed explanations: E0061, E0308, E0599.\u001b[0m\n"}
{"$message_type":"diagnostic","message":"For more information about an error, try `rustc --explain E0061`.","code":null,"level":"failure-note","spans":[],"children":[],"rendered":"\u001b[0m\u001b[1mFor more information about an error, try `rustc --explain E0061`.\u001b[0m\n"}
